/autofs/vast/freesurfer/test/recons/bert/dev/running/bert/mri
/usr/local/freesurfer/dev/bin/mri_nu_correct.mni
--i orig.mgz --o nu.mgz --uchar transforms/talairach.xfm --n 2 --ants-n4
nIters 2
mri_nu_correct.mni dev
Linux nike 3.10.0-1160.31.1.el7.x86_64 #1 SMP Thu Jun 10 13:32:12 UTC 2021 x86_64 x86_64 x86_64 GNU/Linux
Mon Jul 19 06:05:46 EDT 2021
tmpdir is ./tmp.mri_nu_correct.mni.963
cd /autofs/vast/freesurfer/test/recons/bert/dev/running/bert/mri
AntsN4BiasFieldCorrectionFs -i orig.mgz -o ./tmp.mri_nu_correct.mni.963/nu0.mgz --dtype uchar
AntsN4BiasFieldCorrectionFs done
mri_binarize --i ./tmp.mri_nu_correct.mni.963/nu0.mgz --min -1 --o ./tmp.mri_nu_correct.mni.963/ones.mgz

dev
cwd /autofs/vast/freesurfer/test/recons/bert/dev/running/bert/mri
cmdline mri_binarize --i ./tmp.mri_nu_correct.mni.963/nu0.mgz --min -1 --o ./tmp.mri_nu_correct.mni.963/ones.mgz 
sysname  Linux
hostname nike
machine  x86_64
user     ah221

input      ./tmp.mri_nu_correct.mni.963/nu0.mgz
frame      0
nErode3d   0
nErode2d   0
output     ./tmp.mri_nu_correct.mni.963/ones.mgz
Binarizing based on threshold
min        -1
max        +infinity
binval        1
binvalnot     0
fstart = 0, fend = 0, nframes = 1
Starting parallel 1
Found 16777216 values in range
Counting number of voxels in first frame
Found 16777215 voxels in final mask
Writing output to ./tmp.mri_nu_correct.mni.963/ones.mgz
Count: 16777215 16777215.000000 16777216 99.999994
mri_binarize done
mri_segstats --id 1 --seg ./tmp.mri_nu_correct.mni.963/ones.mgz --i orig.mgz --sum ./tmp.mri_nu_correct.mni.963/sum.junk --avgwf ./tmp.mri_nu_correct.mni.963/input.mean.dat

dev
cwd 
cmdline mri_segstats --id 1 --seg ./tmp.mri_nu_correct.mni.963/ones.mgz --i orig.mgz --sum ./tmp.mri_nu_correct.mni.963/sum.junk --avgwf ./tmp.mri_nu_correct.mni.963/input.mean.dat 
sysname  Linux
hostname nike
machine  x86_64
user     ah221
whitesurfname  white
UseRobust  0
Loading ./tmp.mri_nu_correct.mni.963/ones.mgz
Loading orig.mgz
Voxel Volume is 1 mm^3
Generating list of segmentation ids
Found   1 segmentations
Computing statistics for each segmentation

Reporting on   1 segmentations
Using PrintSegStat
Computing spatial average of each frame
  0
Writing to ./tmp.mri_nu_correct.mni.963/input.mean.dat
mri_segstats done
mri_segstats --id 1 --seg ./tmp.mri_nu_correct.mni.963/ones.mgz --i ./tmp.mri_nu_correct.mni.963/nu0.mgz --sum ./tmp.mri_nu_correct.mni.963/sum.junk --avgwf ./tmp.mri_nu_correct.mni.963/output.mean.dat

dev
cwd 
cmdline mri_segstats --id 1 --seg ./tmp.mri_nu_correct.mni.963/ones.mgz --i ./tmp.mri_nu_correct.mni.963/nu0.mgz --sum ./tmp.mri_nu_correct.mni.963/sum.junk --avgwf ./tmp.mri_nu_correct.mni.963/output.mean.dat 
sysname  Linux
hostname nike
machine  x86_64
user     ah221
whitesurfname  white
UseRobust  0
Loading ./tmp.mri_nu_correct.mni.963/ones.mgz
Loading ./tmp.mri_nu_correct.mni.963/nu0.mgz
Voxel Volume is 1 mm^3
Generating list of segmentation ids
Found   1 segmentations
Computing statistics for each segmentation

Reporting on   1 segmentations
Using PrintSegStat
Computing spatial average of each frame
  0
Writing to ./tmp.mri_nu_correct.mni.963/output.mean.dat
mri_segstats done
mris_calc -o ./tmp.mri_nu_correct.mni.963/nu0.mgz ./tmp.mri_nu_correct.mni.963/nu0.mgz mul 1.16495328252684911009
mri_convert ./tmp.mri_nu_correct.mni.963/nu0.mgz nu.mgz --like orig.mgz
mri_convert ./tmp.mri_nu_correct.mni.963/nu0.mgz nu.mgz --like orig.mgz 
reading from ./tmp.mri_nu_correct.mni.963/nu0.mgz...
TR=0.00, TE=0.00, TI=0.00, flip angle=0.00
i_ras = (-1, 0, 0)
j_ras = (0, 0, -1)
k_ras = (0, 1, 0)
INFO: transform src into the like-volume: orig.mgz
writing to nu.mgz...
mri_make_uchar nu.mgz transforms/talairach.xfm nu.mgz
type change took 0 minutes and 5 seconds.
mapping ( 8, 167) to ( 3, 110)
 
 
Mon Jul 19 06:09:07 EDT 2021
mri_nu_correct.mni done
