status file for recon-all
Mon Jul 19 06:00:15 EDT 2021
#@# MotionCor Mon Jul 19 06:00:30 EDT 2021
#@# Talairach Mon Jul 19 06:02:19 EDT 2021
#@# Talairach Failure Detection Mon Jul 19 06:05:46 EDT 2021
#@# Nu Intensity Correction Mon Jul 19 06:05:46 EDT 2021
#@# Intensity Normalization Mon Jul 19 06:09:08 EDT 2021
#@# Skull Stripping Mon Jul 19 06:10:41 EDT 2021
#@# EM Registration Mon Jul 19 06:21:22 EDT 2021
#@# CA Normalize Mon Jul 19 06:30:28 EDT 2021
#@# CA Reg Mon Jul 19 06:31:33 EDT 2021
#@# SubCort Seg Mon Jul 19 08:13:21 EDT 2021
#@# CC Seg Mon Jul 19 08:58:23 EDT 2021
#@# Merge ASeg Mon Jul 19 08:59:09 EDT 2021
#@# Intensity Normalization2 Mon Jul 19 08:59:09 EDT 2021
#@# Mask BFS Mon Jul 19 09:01:19 EDT 2021
#@# WM Segmentation Mon Jul 19 09:01:21 EDT 2021
#@# Fill Mon Jul 19 09:03:56 EDT 2021
#@# Tessellate lh Mon Jul 19 09:04:56 EDT 2021
#@# Tessellate rh Mon Jul 19 09:05:01 EDT 2021
#@# Smooth1 lh Mon Jul 19 09:05:04 EDT 2021
#@# Smooth1 rh Mon Jul 19 09:05:07 EDT 2021
#@# Inflation1 lh Mon Jul 19 09:05:10 EDT 2021
#@# Inflation1 rh Mon Jul 19 09:05:29 EDT 2021
#@# QSphere lh Mon Jul 19 09:05:47 EDT 2021
#@# QSphere rh Mon Jul 19 09:08:13 EDT 2021
#@# Fix Topology lh Mon Jul 19 09:10:36 EDT 2021
#@# Fix Topology rh Mon Jul 19 09:11:59 EDT 2021
#@# Smooth2 lh Mon Jul 19 09:23:46 EDT 2021
#@# Smooth2 rh Mon Jul 19 09:23:49 EDT 2021
#@# Inflation2 lh Mon Jul 19 09:23:53 EDT 2021
#@# Inflation2 rh Mon Jul 19 09:24:15 EDT 2021
#@# Curv .H and .K lh Mon Jul 19 09:24:37 EDT 2021
#@# Curv .H and .K rh Mon Jul 19 09:25:24 EDT 2021
#@# Sphere lh Mon Jul 19 09:26:12 EDT 2021
#@# Sphere rh Mon Jul 19 09:33:39 EDT 2021
#@# Surf Reg lh Mon Jul 19 09:44:46 EDT 2021
#@# Surf Reg rh Mon Jul 19 09:52:03 EDT 2021
#@# Jacobian white lh Mon Jul 19 10:00:14 EDT 2021
#@# Jacobian white rh Mon Jul 19 10:00:15 EDT 2021
#@# AvgCurv lh Mon Jul 19 10:00:17 EDT 2021
#@# AvgCurv rh Mon Jul 19 10:00:18 EDT 2021
#@# Cortical Parc lh Mon Jul 19 10:00:19 EDT 2021
#@# Cortical Parc rh Mon Jul 19 10:00:29 EDT 2021
#@# white curv lh Mon Jul 19 10:13:58 EDT 2021
#@# white area lh Mon Jul 19 10:14:00 EDT 2021
#@# pial curv lh Mon Jul 19 10:14:01 EDT 2021
#@# pial area lh Mon Jul 19 10:14:03 EDT 2021
#@# thickness lh Mon Jul 19 10:14:04 EDT 2021
#@# area and vertex vol lh Mon Jul 19 10:14:34 EDT 2021
#@# white curv rh Mon Jul 19 10:14:36 EDT 2021
#@# white area rh Mon Jul 19 10:14:38 EDT 2021
#@# pial curv rh Mon Jul 19 10:14:39 EDT 2021
#@# pial area rh Mon Jul 19 10:14:41 EDT 2021
#@# thickness rh Mon Jul 19 10:14:42 EDT 2021
#@# area and vertex vol rh Mon Jul 19 10:15:12 EDT 2021
#@# Curvature Stats lh Mon Jul 19 10:15:14 EDT 2021
#@# Curvature Stats rh Mon Jul 19 10:15:17 EDT 2021
#@# Cortical ribbon mask Mon Jul 19 10:15:20 EDT 2021
#@# Cortical Parc 2 lh Mon Jul 19 10:19:32 EDT 2021
#@# Cortical Parc 2 rh Mon Jul 19 10:19:45 EDT 2021
#@# Cortical Parc 3 lh Mon Jul 19 10:19:59 EDT 2021
#@# Cortical Parc 3 rh Mon Jul 19 10:20:09 EDT 2021
#@# WM/GM Contrast lh Mon Jul 19 10:20:19 EDT 2021
#@# WM/GM Contrast rh Mon Jul 19 10:20:24 EDT 2021
#@# Relabel Hypointensities Mon Jul 19 10:20:28 EDT 2021
#@# APas-to-ASeg Mon Jul 19 10:20:43 EDT 2021
#@# AParc-to-ASeg aparc Mon Jul 19 10:20:55 EDT 2021
#@# AParc-to-ASeg aparc.a2009s Mon Jul 19 10:22:57 EDT 2021
#@# AParc-to-ASeg aparc.DKTatlas Mon Jul 19 10:25:00 EDT 2021
#@# WMParc Mon Jul 19 10:27:02 EDT 2021
#@# Parcellation Stats lh Mon Jul 19 10:32:29 EDT 2021
#@# Parcellation Stats rh Mon Jul 19 10:32:54 EDT 2021
#@# Parcellation Stats 2 lh Mon Jul 19 10:33:19 EDT 2021
#@# Parcellation Stats 2 rh Mon Jul 19 10:33:31 EDT 2021
#@# Parcellation Stats 3 lh Mon Jul 19 10:33:44 EDT 2021
#@# Parcellation Stats 3 rh Mon Jul 19 10:33:57 EDT 2021
#@# ASeg Stats Mon Jul 19 10:34:09 EDT 2021
#@# BA_exvivo Labels lh Mon Jul 19 10:36:41 EDT 2021
#@# BA_exvivo Labels rh Mon Jul 19 10:40:05 EDT 2021
recon-all -s bert finished without error at Mon Jul 19 10:43:28 EDT 2021
