/autofs/vast/freesurfer/test/recons/bert/dev/running/bert/mri
/usr/local/freesurfer/dev/bin/talairach_avi
--i orig_nu.mgz --xfm transforms/talairach.auto.xfm
talairach_avi dev
Linux nike 3.10.0-1160.31.1.el7.x86_64 #1 SMP Thu Jun 10 13:32:12 UTC 2021 x86_64 x86_64 x86_64 GNU/Linux
Mon Jul 19 06:05:19 EDT 2021
mri_convert orig_nu.mgz talsrcimg.img 
reading from orig_nu.mgz...
TR=0.00, TE=0.00, TI=0.00, flip angle=0.00
i_ras = (-1, 0, 0)
j_ras = (0, 0, -1)
k_ras = (0, 1, 0)
writing to talsrcimg.img...
Analyze Output Matrix
-1.00000   0.00000   0.00000   134.39972;
 0.00000   0.00000   1.00000  -111.00000;
 0.00000  -1.00000   0.00000   129.00000;
 0.00000   0.00000   0.00000   1.00000;
--------------------
INFO: set hdr.hist.orient to -1
mpr2mni305 talsrcimg
Mon Jul 19 06:05:20 EDT 2021
/usr/local/freesurfer/dev/bin/mpr2mni305 talsrcimg
mpr2mni305 dev
target=711-2C_as_mni_average_305

---------------------------------------------------------------------
analyzeto4dfp talsrcimg -O0 -y
---------------------------------------------------------------------

freesurfer ifh2hdr.c
Mon Jul 19 06:05:21 2021
Writing: talsrcimg.4dfp.hdr
freesurfer analyzeto4dfp.c
Reading: talsrcimg.hdr
header size 348 bytes
hdr.dime.datatype	offset=70	value=2
hdr.dime.bitpix		offset=72	value=8
hdr.hist.orient		offset=252	value=-1
dimensionality     4
dimensions       256       256       256         1
Reading: talsrcimg.img
Writing: talsrcimg.4dfp.img
Writing: talsrcimg.4dfp.ifh
ifh2hdr talsrcimg -r0to255
ori=2

---------------------------------------------------------------------
gauss_4dfp talsrcimg 1.1
---------------------------------------------------------------------

freesurfer gauss_4dfp.c
Reading: talsrcimg.4dfp.img
Writing: talsrcimg_g11.4dfp.img
image dimensions 256 256 256 padded to 288 288 288
processing volume 1freesurfer ifh2hdr.c
Mon Jul 19 06:05:25 2021
Writing: talsrcimg_g11.4dfp.hdr

Writing: talsrcimg_g11.4dfp.ifh
including: talsrcimg.4dfp.img.rec in talsrcimg_g11.4dfp.img.rec

---------------------------------------------------------------------
imgreg_4dfp /usr/local/freesurfer/dev/average/711-2C_as_mni_average_305 none talsrcimg_g11 none talsrcimg_to_711-2C_as_mni_average_305_t4 4355
---------------------------------------------------------------------

freesurfer imgreg_4dfp.c
/usr/local/freesurfer/dev/average/711-2C_as_mni_average_305.4dfp.img
       256       256       256         1
  1.000000  1.000000  1.000000
orientation T byte_order littleendian
Reading image: /usr/local/freesurfer/dev/average/711-2C_as_mni_average_305.4dfp.img
dimensions:      256       256       256
mmppix:       1.0000   -1.0000   -1.0000
center:     128.0000 -129.0000 -129.0000
talsrcimg_g11.4dfp.img
       256       256       256         1
  1.000000  1.000000  1.000000
orientation T byte_order littleendian
Reading image: talsrcimg_g11.4dfp.img
dimensions:      256       256       256
mmppix:       1.0000   -1.0000   -1.0000
center:     128.0000 -129.0000 -129.0000
t4_read: open error in t4_sub.f l:  41 t4_file(1:l)talsrcimg_to_711-2C_as_mni_average_305_t4 
t4_read: transform initialized to I4
rotation matrix determinant  1.000000
image alignment mode   4355 decimal     1103 hex
   -7.5000  -45.0000  -45.0000 9910.5459    9.6501
    0.0000  -45.0000  -45.000010364.1221    9.6480
    7.5000  -45.0000  -45.0000 9956.2373    9.6187
   -7.5000  -37.5000  -45.000010348.5938    9.6242
    0.0000  -37.5000  -45.000010814.7578    9.6232
    7.5000  -37.5000  -45.000010378.4580    9.5935
   -7.5000  -30.0000  -45.000010980.9590    9.6001
    0.0000  -30.0000  -45.000011463.3779    9.5984
    7.5000  -30.0000  -45.000010998.0596    9.5666
   -7.5000  -22.5000  -45.000011448.7080    9.5921
    0.0000  -22.5000  -45.000011960.9395    9.5887
    7.5000  -22.5000  -45.000011448.6406    9.5550
   -7.5000  -15.0000  -45.000011781.7803    9.5913
    0.0000  -15.0000  -45.000012319.9434    9.5868
    7.5000  -15.0000  -45.000011780.4434    9.5531
   -7.5000   -7.5000  -45.000011987.3877    9.5912
    0.0000   -7.5000  -45.000012579.4590    9.5872
    7.5000   -7.5000  -45.000011994.6680    9.5556
   -7.5000    0.0000  -45.000012097.6836    9.5850
    0.0000    0.0000  -45.000012722.5527    9.5827
    7.5000    0.0000  -45.000012108.6807    9.5528
   -7.5000    7.5000  -45.000011273.7275    9.5735
    0.0000    7.5000  -45.000011878.8232    9.5723
    7.5000    7.5000  -45.000011300.2402    9.5422
   -7.5000   15.0000  -45.000010453.6426    9.7355
    0.0000   15.0000  -45.000011032.0869    9.7353
    7.5000   15.0000  -45.000010496.2422    9.7034
   -7.5000   22.5000  -45.0000 9796.2861   10.0415
    0.0000   22.5000  -45.000010324.9414   10.0429
    7.5000   22.5000  -45.0000 9830.2461   10.0090
   -7.5000   30.0000  -45.0000 9164.2324   10.2636
    0.0000   30.0000  -45.0000 9642.8955   10.2659
    7.5000   30.0000  -45.0000 9181.6035   10.2294
   -7.5000   37.5000  -45.0000 8883.7803   10.6633
    0.0000   37.5000  -45.0000 9314.8838   10.6672
    7.5000   37.5000  -45.0000 8866.7393   10.6325
   -7.5000   45.0000  -45.0000 8295.3584   10.8190
    0.0000   45.0000  -45.0000 8664.5479   10.8282
    7.5000   45.0000  -45.0000 8273.1240   10.7955
   -7.5000  -45.0000  -37.500010512.5752    9.6277
    0.0000  -45.0000  -37.500010986.6680    9.6304
    7.5000  -45.0000  -37.500010553.7881    9.5979
   -7.5000  -37.5000  -37.500010975.0166    9.6022
    0.0000  -37.5000  -37.500011462.7549    9.6055
    7.5000  -37.5000  -37.500010988.8564    9.5737
   -7.5000  -30.0000  -37.500011643.1318    9.5791
    0.0000  -30.0000  -37.500012142.1416    9.5801
    7.5000  -30.0000  -37.500011636.7666    9.5464
   -7.5000  -22.5000  -37.500012127.7363    9.5705
    0.0000  -22.5000  -37.500012648.8008    9.5689
    7.5000  -22.5000  -37.500012112.8184    9.5323
   -7.5000  -15.0000  -37.500012459.4551    9.5679
    0.0000  -15.0000  -37.500013012.0742    9.5654
    7.5000  -15.0000  -37.500012452.6553    9.5279
   -7.5000   -7.5000  -37.500012679.5889    9.5669
    0.0000   -7.5000  -37.500013309.2432    9.5663
    7.5000   -7.5000  -37.500012690.7041    9.5307
   -7.5000    0.0000  -37.500012781.8574    9.5605
    0.0000    0.0000  -37.500013453.4404    9.5629
    7.5000    0.0000  -37.500012769.7871    9.5298
   -7.5000    7.5000  -37.500011905.4268    9.5499
    0.0000    7.5000  -37.500012546.4902    9.5530
    7.5000    7.5000  -37.500011906.6582    9.5208
   -7.5000   15.0000  -37.500011029.4248    9.7125
    0.0000   15.0000  -37.500011648.9619    9.7152
    7.5000   15.0000  -37.500011064.2197    9.6819
   -7.5000   22.5000  -37.500010346.9268   10.0166
    0.0000   22.5000  -37.500010908.9346   10.0200
    7.5000   22.5000  -37.500010368.7529    9.9836
   -7.5000   30.0000  -37.5000 9686.6953   10.2357
    0.0000   30.0000  -37.500010194.8008   10.2413
    7.5000   30.0000  -37.5000 9690.4756   10.2026
   -7.5000   37.5000  -37.5000 9337.9541   10.6315
    0.0000   37.5000  -37.5000 9808.7930   10.6426
    7.5000   37.5000  -37.5000 9329.5781   10.6068
   -7.5000   45.0000  -37.5000 8694.2500   10.7854
    0.0000   45.0000  -37.5000 9110.1816   10.8014
    7.5000   45.0000  -37.5000 8672.7148   10.7697
   -7.5000  -45.0000  -30.000011324.2568   10.0210
    0.0000  -45.0000  -30.000011841.0986   10.0281
    7.5000  -45.0000  -30.000011377.9297    9.9962
   -7.5000  -37.5000  -30.000011804.1934    9.9928
    0.0000  -37.5000  -30.000012330.6191   10.0008
    7.5000  -37.5000  -30.000011825.5967    9.9709
   -7.5000  -30.0000  -30.000012507.6855    9.9680
    0.0000  -30.0000  -30.000013063.4639    9.9735
    7.5000  -30.0000  -30.000012525.2305    9.9428
   -7.5000  -22.5000  -30.000013029.2637    9.9593
    0.0000  -22.5000  -30.000013619.4209    9.9617
    7.5000  -22.5000  -30.000013045.9043    9.9278
   -7.5000  -15.0000  -30.000013376.4199    9.9566
    0.0000  -15.0000  -30.000014016.2393    9.9579
    7.5000  -15.0000  -30.000013399.0938    9.9217
   -7.5000   -7.5000  -30.000013603.0840    9.9553
    0.0000   -7.5000  -30.000014330.1357    9.9587
    7.5000   -7.5000  -30.000013636.4678    9.9234
   -7.5000    0.0000  -30.000013706.5498    9.9480
    0.0000    0.0000  -30.000014450.3330    9.9549
    7.5000    0.0000  -30.000013724.8252    9.9222
   -7.5000    7.5000  -30.000012753.8574    9.9361
    0.0000    7.5000  -30.000013478.7666    9.9439
    7.5000    7.5000  -30.000012793.1025    9.9135
   -7.5000   15.0000  -30.000011835.9600   10.1050
    0.0000   15.0000  -30.000012516.9150   10.1127
    7.5000   15.0000  -30.000011890.9922   10.0823
   -7.5000   22.5000  -30.000011083.3545   10.4207
    0.0000   22.5000  -30.000011706.3418   10.4285
    7.5000   22.5000  -30.000011122.1621   10.3945
   -7.5000   30.0000  -30.000010349.6963   10.6516
    0.0000   30.0000  -30.000010904.4707   10.6612
    7.5000   30.0000  -30.000010358.2686   10.6238
   -7.5000   37.5000  -30.0000 9958.0361   11.0615
    0.0000   37.5000  -30.000010464.7744   11.0781
    7.5000   37.5000  -30.0000 9955.3916   11.0423
   -7.5000   45.0000  -30.0000 9244.9170   11.2287
    0.0000   45.0000  -30.0000 9711.8652   11.2497
    7.5000   45.0000  -30.0000 9243.8691   11.2184
   -7.5000  -45.0000  -22.500012143.0850   10.3589
    0.0000  -45.0000  -22.500012697.8369   10.3643
    7.5000  -45.0000  -22.500012218.8203   10.3365
   -7.5000  -37.5000  -22.500012632.3008   10.3269
    0.0000  -37.5000  -22.500013214.0273   10.3339
    7.5000  -37.5000  -22.500012689.6318   10.3084
   -7.5000  -30.0000  -22.500013390.6963   10.2984
    0.0000  -30.0000  -22.500014022.8662   10.3048
    7.5000  -30.0000  -22.500013431.0488   10.2798
   -7.5000  -22.5000  -22.500013969.2568   10.2897
    0.0000  -22.5000  -22.500014598.9004   10.2939
    7.5000  -22.5000  -22.500013993.3096   10.2665
   -7.5000  -15.0000  -22.500014331.6230   10.2890
    0.0000  -15.0000  -22.500015029.7578   10.2914
    7.5000  -15.0000  -22.500014356.4551   10.2613
   -7.5000   -7.5000  -22.500014558.5508   10.2885
    0.0000   -7.5000  -22.500015324.3389   10.2913
    7.5000   -7.5000  -22.500014590.8193   10.2609
   -7.5000    0.0000  -22.500014652.2832   10.2803
    0.0000    0.0000  -22.500015408.0889   10.2854
    7.5000    0.0000  -22.500014660.2334   10.2568
   -7.5000    7.5000  -22.500013646.6602   10.2659
    0.0000    7.5000  -22.500014392.0439   10.2726
    7.5000    7.5000  -22.500013685.9297   10.2465
   -7.5000   15.0000  -22.500012646.7539   10.4387
    0.0000   15.0000  -22.500013376.0996   10.4476
    7.5000   15.0000  -22.500012738.4619   10.4226
   -7.5000   22.5000  -22.500011809.9336   10.7673
    0.0000   22.5000  -22.500012472.0957   10.7767
    7.5000   22.5000  -22.500011886.5039   10.7486
   -7.5000   30.0000  -22.500011015.4922   11.0129
    0.0000   30.0000  -22.500011603.1318   11.0227
    7.5000   30.0000  -22.500011043.5967   10.9897
   -7.5000   37.5000  -22.500010575.2568   11.4384
    0.0000   37.5000  -22.500011133.0781   11.4517
    7.5000   37.5000  -22.500010589.8770   11.4173
   -7.5000   45.0000  -22.5000 9819.0518   11.6198
    0.0000   45.0000  -22.500010317.6230   11.6367
    7.5000   45.0000  -22.5000 9826.3252   11.6049
   -7.5000  -45.0000  -15.000012936.7090   10.5873
    0.0000  -45.0000  -15.000013528.1523   10.5873
    7.5000  -45.0000  -15.000013008.3809   10.5620
   -7.5000  -37.5000  -15.000013448.2930   10.5527
    0.0000  -37.5000  -15.000014058.7451   10.5547
    7.5000  -37.5000  -15.000013499.2656   10.5306
   -7.5000  -30.0000  -15.000014256.9248   10.5210
    0.0000  -30.0000  -15.000014898.2734   10.5240
    7.5000  -30.0000  -15.000014286.5371   10.5006
   -7.5000  -22.5000  -15.000014898.1660   10.5114
    0.0000  -22.5000  -15.000015528.4453   10.5136
    7.5000  -22.5000  -15.000014897.2705   10.4888
   -7.5000  -15.0000  -15.000015338.9746   10.5118
    0.0000  -15.0000  -15.000016036.3398   10.5120
    7.5000  -15.0000  -15.000015332.3779   10.4854
   -7.5000   -7.5000  -15.000015588.2002   10.5122
    0.0000   -7.5000  -15.000016294.3721   10.5113
    7.5000   -7.5000  -15.000015578.1260   10.4843
   -7.5000    0.0000  -15.000015620.1816   10.5040
    0.0000    0.0000  -15.000016316.0527   10.5039
    7.5000    0.0000  -15.000015619.3105   10.4776
   -7.5000    7.5000  -15.000014535.7725   10.4882
    0.0000    7.5000  -15.000015237.4463   10.4899
    7.5000    7.5000  -15.000014573.0576   10.4652
   -7.5000   15.0000  -15.000013452.0518   10.6638
    0.0000   15.0000  -15.000014181.8623   10.6691
    7.5000   15.0000  -15.000013545.5498   10.6454
   -7.5000   22.5000  -15.000012549.7021   11.0015
    0.0000   22.5000  -15.000013239.9854   11.0087
    7.5000   22.5000  -15.000012646.1270   10.9830
   -7.5000   30.0000  -15.000011694.0889   11.2581
    0.0000   30.0000  -15.000012314.0449   11.2649
    7.5000   30.0000  -15.000011752.7832   11.2337
   -7.5000   37.5000  -15.000011248.1387   11.6966
    0.0000   37.5000  -15.000011848.7695   11.7027
    7.5000   37.5000  -15.000011287.7021   11.6687
   -7.5000   45.0000  -15.000010458.7422   11.8892
    0.0000   45.0000  -15.000011010.1367   11.8988
    7.5000   45.0000  -15.000010470.2637   11.8649
   -7.5000  -45.0000   -7.500013675.6709   10.6708
    0.0000  -45.0000   -7.500014306.2715   10.6674
    7.5000  -45.0000   -7.500013747.3936   10.6397
   -7.5000  -37.5000   -7.500014192.0605   10.6364
    0.0000  -37.5000   -7.500014853.9912   10.6345
    7.5000  -37.5000   -7.500014258.5342   10.6067
   -7.5000  -30.0000   -7.500015048.8389   10.6040
    0.0000  -30.0000   -7.500015722.4189   10.6029
    7.5000  -30.0000   -7.500015060.5879   10.5743
   -7.5000  -22.5000   -7.500015716.1104   10.5928
    0.0000  -22.5000   -7.500016384.3770   10.5910
    7.5000  -22.5000   -7.500015696.6748   10.5610
   -7.5000  -15.0000   -7.500016253.9893   10.5916
    0.0000  -15.0000   -7.500016999.3984   10.5882
    7.5000  -15.0000   -7.500016238.9854   10.5578
   -7.5000   -7.5000   -7.500016687.2402   10.5919
    0.0000   -7.5000   -7.500017338.0137   10.5877
    7.5000   -7.5000   -7.500016649.3613   10.5583
   -7.5000    0.0000   -7.500016720.7930   10.5847
    0.0000    0.0000   -7.500017310.1094   10.5811
    7.5000    0.0000   -7.500016687.5391   10.5524
   -7.5000    7.5000   -7.500015509.8379   10.5697
    0.0000    7.5000   -7.500016146.6006   10.5677
    7.5000    7.5000   -7.500015542.8613   10.5392
   -7.5000   15.0000   -7.500014330.8164   10.7478
    0.0000   15.0000   -7.500015062.1924   10.7487
    7.5000   15.0000   -7.500014421.3340   10.7196
   -7.5000   22.5000   -7.500013315.4268   11.0876
    0.0000   22.5000   -7.500014085.6436   11.0909
    7.5000   22.5000   -7.500013420.8252   11.0602
   -7.5000   30.0000   -7.500012378.4062   11.3479
    0.0000   30.0000   -7.500013120.8555   11.3512
    7.5000   30.0000   -7.500012462.9053   11.3160
   -7.5000   37.5000   -7.500011894.4717   11.7935
    0.0000   37.5000   -7.500012620.4170   11.7956
    7.5000   37.5000   -7.500011958.4922   11.7593
   -7.5000   45.0000   -7.500011052.2441   11.9923
    0.0000   45.0000   -7.500011710.2412   11.9990
    7.5000   45.0000   -7.500011094.4805   11.9628
   -7.5000  -45.0000    0.000014299.0010   10.6677
    0.0000  -45.0000    0.000014960.7666   10.6651
    7.5000  -45.0000    0.000014404.9346   10.6320
   -7.5000  -37.5000    0.000014891.9414   10.6354
    0.0000  -37.5000    0.000015554.4111   10.6338
    7.5000  -37.5000    0.000014951.1123   10.6003
   -7.5000  -30.0000    0.000015817.1738   10.6048
    0.0000  -30.0000    0.000016476.6582   10.6026
    7.5000  -30.0000    0.000015822.7852   10.5668
   -7.5000  -22.5000    0.000016475.7441   10.5929
    0.0000  -22.5000    0.000017136.3047   10.5888
    7.5000  -22.5000    0.000016458.1602   10.5509
   -7.5000  -15.0000    0.000016958.8105   10.5896
    0.0000  -15.0000    0.000017765.7598   10.5843
    7.5000  -15.0000    0.000016951.5820   10.5464
   -7.5000   -7.5000    0.000017482.4805   10.5890
    0.0000   -7.5000    0.000018404.1953   10.5844
    7.5000   -7.5000    0.000017532.1738   10.5486
   -7.5000    0.0000    0.000017643.0469   10.5823
    0.0000    0.0000    0.000018631.5918   10.5795
    7.5000    0.0000    0.000017743.6523   10.5455
   -7.5000    7.5000    0.000016322.8809   10.5692
    0.0000    7.5000    0.000017293.4141   10.5675
    7.5000    7.5000    0.000016457.0059   10.5334
   -7.5000   15.0000    0.000014983.5576   10.7491
    0.0000   15.0000    0.000015901.7061   10.7486
    7.5000   15.0000    0.000015119.1172   10.7126
   -7.5000   22.5000    0.000013846.1045   11.0869
    0.0000   22.5000    0.000014696.1582   11.0881
    7.5000   22.5000    0.000013955.6006   11.0499
   -7.5000   30.0000    0.000012852.0771   11.3444
    0.0000   30.0000    0.000013617.1211   11.3470
    7.5000   30.0000    0.000012948.6846   11.3058
   -7.5000   37.5000    0.000012378.7051   11.7901
    0.0000   37.5000    0.000013101.0771   11.7943
    7.5000   37.5000    0.000012451.1797   11.7550
   -7.5000   45.0000    0.000011523.4268   11.9890
    0.0000   45.0000    0.000012171.6992   11.9990
    7.5000   45.0000    0.000011538.9277   11.9617
   -7.5000  -45.0000    7.500013819.5420   10.6625
    0.0000  -45.0000    7.500014396.4766   10.6651
    7.5000  -45.0000    7.500013899.0850   10.6285
   -7.5000  -37.5000    7.500014398.8701   10.6312
    0.0000  -37.5000    7.500015009.2637   10.6344
    7.5000  -37.5000    7.500014456.2090   10.5985
   -7.5000  -30.0000    7.500015300.7549   10.6025
    0.0000  -30.0000    7.500015974.2852   10.6032
    7.5000  -30.0000    7.500015343.1562   10.5653
   -7.5000  -22.5000    7.500015936.7295   10.5905
    0.0000  -22.5000    7.500016715.6836   10.5883
    7.5000  -22.5000    7.500015996.4893   10.5472
   -7.5000  -15.0000    7.500016371.6270   10.5855
    0.0000  -15.0000    7.500017316.6035   10.5825
    7.5000  -15.0000    7.500016445.2344   10.5403
   -7.5000   -7.5000    7.500016830.4785   10.5837
    0.0000   -7.5000    7.500017883.6836   10.5828
    7.5000   -7.5000    7.500016902.5352   10.5427
   -7.5000    0.0000    7.500016980.0195   10.5767
    0.0000    0.0000    7.500018063.8848   10.5790
    7.5000    0.0000    7.500017081.1543   10.5417
   -7.5000    7.5000    7.500015696.3301   10.5647
    0.0000    7.5000    7.500016765.1699   10.5677
    7.5000    7.5000    7.500015866.8027   10.5314
   -7.5000   15.0000    7.500014408.1846   10.7460
    0.0000   15.0000    7.500015400.1631   10.7486
    7.5000   15.0000    7.500014574.0654   10.7109
   -7.5000   22.5000    7.500013296.4014   11.0826
    0.0000   22.5000    7.500014176.2422   11.0859
    7.5000   22.5000    7.500013439.2773   11.0448
   -7.5000   30.0000    7.500012350.0254   11.3373
    0.0000   30.0000    7.500013089.3721   11.3432
    7.5000   30.0000    7.500012466.8857   11.2996
   -7.5000   37.5000    7.500011948.6377   11.7795
    0.0000   37.5000    7.500012590.8584   11.7917
    7.5000   37.5000    7.500012001.4805   11.7511
   -7.5000   45.0000    7.500011108.4746   11.9770
    0.0000   45.0000    7.500011688.5088   11.9945
    7.5000   45.0000    7.500011127.0156   11.9584
   -7.5000  -45.0000   15.000013229.3848   10.7125
    0.0000  -45.0000   15.000013814.4941   10.7196
    7.5000  -45.0000   15.000013298.6387   10.6852
   -7.5000  -37.5000   15.000013740.5156   10.6807
    0.0000  -37.5000   15.000014360.5557   10.6887
    7.5000  -37.5000   15.000013791.8525   10.6564
   -7.5000  -30.0000   15.000014544.1113   10.6524
    0.0000  -30.0000   15.000015218.1748   10.6579
    7.5000  -30.0000   15.000014582.9268   10.6247
   -7.5000  -22.5000   15.000015096.2666   10.6415
    0.0000  -22.5000   15.000015854.5352   10.6438
    7.5000  -22.5000   15.000015147.0977   10.6073
   -7.5000  -15.0000   15.000015550.8164   10.6374
    0.0000  -15.0000   15.000016386.8926   10.6385
    7.5000  -15.0000   15.000015622.4922   10.5996
   -7.5000   -7.5000   15.000015951.9062   10.6357
    0.0000   -7.5000   15.000016757.4199   10.6389
    7.5000   -7.5000   15.000016012.3887   10.6009
   -7.5000    0.0000   15.000016002.4951   10.6279
    0.0000    0.0000   15.000016746.9844   10.6348
    7.5000    0.0000   15.000016064.4033   10.5996
   -7.5000    7.5000   15.000014836.1699   10.6152
    0.0000    7.5000   15.000015587.8604   10.6229
    7.5000    7.5000   15.000014936.4551   10.5901
   -7.5000   15.0000   15.000013684.3828   10.7965
    0.0000   15.0000   15.000014485.1875   10.8043
    7.5000   15.0000   15.000013846.1885   10.7714
   -7.5000   22.5000   15.000012675.1201   11.1342
    0.0000   22.5000   15.000013411.6348   11.1422
    7.5000   22.5000   15.000012807.0264   11.1054
   -7.5000   30.0000   15.000011773.0869   11.3895
    0.0000   30.0000   15.000012399.8555   11.3996
    7.5000   30.0000   15.000011859.3906   11.3593
   -7.5000   37.5000   15.000011381.1611   11.8301
    0.0000   37.5000   15.000011944.5166   11.8478
    7.5000   37.5000   15.000011419.6895   11.8091
   -7.5000   45.0000   15.000010568.6797   12.0271
    0.0000   45.0000   15.000011096.6514   12.0495
    7.5000   45.0000   15.000010584.3965   12.0156
   -7.5000  -45.0000   22.500012483.8311   10.8199
    0.0000  -45.0000   22.500013035.7725   10.8253
    7.5000  -45.0000   22.500012528.2334   10.7963
   -7.5000  -37.5000   22.500012913.7178   10.7864
    0.0000  -37.5000   22.500013464.5361   10.7934
    7.5000  -37.5000   22.500012925.0371   10.7668
   -7.5000  -30.0000   22.500013605.3301   10.7563
    0.0000  -30.0000   22.500014174.3477   10.7627
    7.5000  -30.0000   22.500013596.4912   10.7366
   -7.5000  -22.5000   22.500014141.7852   10.7465
    0.0000  -22.5000   22.500014748.6963   10.7507
    7.5000  -22.5000   22.500014121.1533   10.7222
   -7.5000  -15.0000   22.500014613.7119   10.7452
    0.0000  -15.0000   22.500015222.7803   10.7475
    7.5000  -15.0000   22.500014587.7402   10.7163
   -7.5000   -7.5000   22.500014913.0098   10.7447
    0.0000   -7.5000   22.500015502.4287   10.7475
    7.5000   -7.5000   22.500014898.1562   10.7159
   -7.5000    0.0000   22.500014921.9570   10.7364
    0.0000    0.0000   22.500015514.4434   10.7416
    7.5000    0.0000   22.500014928.3730   10.7117
   -7.5000    7.5000   22.500013861.5234   10.7218
    0.0000    7.5000   22.500014495.5176   10.7284
    7.5000    7.5000   22.500013913.0059   10.7011
   -7.5000   15.0000   22.500012841.4668   10.9029
    0.0000   15.0000   22.500013502.4365   10.9119
    7.5000   15.0000   22.500012939.5420   10.8858
   -7.5000   22.5000   22.500011929.0566   11.2460
    0.0000   22.5000   22.500012543.0439   11.2558
    7.5000   22.5000   22.500012000.5498   11.2265
   -7.5000   30.0000   22.500011078.4561   11.5076
    0.0000   30.0000   22.500011617.4590   11.5179
    7.5000   30.0000   22.500011128.8555   11.4835
   -7.5000   37.5000   22.500010706.1846   11.9545
    0.0000   37.5000   22.500011204.6182   11.9686
    7.5000   37.5000   22.500010737.0352   11.9327
   -7.5000   45.0000   22.5000 9952.0908   12.1559
    0.0000   45.0000   22.500010407.2959   12.1739
    7.5000   45.0000   22.5000 9970.1787   12.1406
   -7.5000  -45.0000   30.000011602.1357   10.9394
    0.0000  -45.0000   30.000012083.5283   10.9394
    7.5000  -45.0000   30.000011623.6455   10.9135
   -7.5000  -37.5000   30.000011973.9717   10.9043
    0.0000  -37.5000   30.000012452.7100   10.9062
    7.5000  -37.5000   30.000011965.2500   10.8816
   -7.5000  -30.0000   30.000012603.8926   10.8722
    0.0000  -30.0000   30.000013085.8008   10.8752
    7.5000  -30.0000   30.000012555.4326   10.8511
   -7.5000  -22.5000   30.000013127.4609   10.8630
    0.0000  -22.5000   30.000013635.5049   10.8650
    7.5000  -22.5000   30.000013070.8975   10.8397
   -7.5000  -15.0000   30.000013550.5625   10.8643
    0.0000  -15.0000   30.000014044.4424   10.8644
    7.5000  -15.0000   30.000013491.6875   10.8373
   -7.5000   -7.5000   30.000013753.3428   10.8656
    0.0000   -7.5000   30.000014246.6270   10.8646
    7.5000   -7.5000   30.000013685.0088   10.8372
   -7.5000    0.0000   30.000013770.5791   10.8572
    0.0000    0.0000   30.000014289.4512   10.8570
    7.5000    0.0000   30.000013729.6094   10.8303
   -7.5000    7.5000   30.000012823.4043   10.8406
    0.0000    7.5000   30.000013365.2549   10.8423
    7.5000    7.5000   30.000012799.1445   10.8169
   -7.5000   15.0000   30.000011911.0215   11.0226
    0.0000   15.0000   30.000012419.0859   11.0281
    7.5000   15.0000   30.000011901.0537   11.0038
   -7.5000   22.5000   30.000011065.9033   11.3721
    0.0000   22.5000   30.000011565.3848   11.3798
    7.5000   22.5000   30.000011068.4678   11.3534
   -7.5000   30.0000   30.000010281.6201   11.6410
    0.0000   30.0000   30.000010756.7500   11.6483
    7.5000   30.0000   30.000010298.8389   11.6163
   -7.5000   37.5000   30.0000 9938.5127   12.0977
    0.0000   37.5000   30.000010396.9346   12.1046
    7.5000   37.5000   30.0000 9950.2363   12.0697
   -7.5000   45.0000   30.0000 9256.1992   12.3044
    0.0000   45.0000   30.0000 9665.1885   12.3151
    7.5000   45.0000   30.0000 9250.7705   12.2804
   -7.5000  -45.0000   37.500011204.3467   11.1142
    0.0000  -45.0000   37.500011683.3105   11.1092
    7.5000  -45.0000   37.500011251.5820   11.0798
   -7.5000  -37.5000   37.500011540.2246   11.0801
    0.0000  -37.5000   37.500012005.2285   11.0765
    7.5000  -37.5000   37.500011554.9541   11.0470
   -7.5000  -30.0000   37.500012152.7842   11.0475
    0.0000  -30.0000   37.500012617.1758   11.0449
    7.5000  -30.0000   37.500012111.6826   11.0147
   -7.5000  -22.5000   37.500012666.0225   11.0370
    0.0000  -22.5000   37.500013132.4014   11.0341
    7.5000  -22.5000   37.500012601.4854   11.0026
   -7.5000  -15.0000   37.500013028.6182   11.0376
    0.0000  -15.0000   37.500013467.6152   11.0332
    7.5000  -15.0000   37.500012927.1445   11.0015
   -7.5000   -7.5000   37.500013175.6797   11.0396
    0.0000   -7.5000   37.500013624.0918   11.0341
    7.5000   -7.5000   37.500013072.5986   11.0033
   -7.5000    0.0000   37.500013209.5352   11.0326
    0.0000    0.0000   37.500013691.2471   11.0274
    7.5000    0.0000   37.500013108.0273   10.9972
   -7.5000    7.5000   37.500012304.0352   11.0168
    0.0000    7.5000   37.500012782.7646   11.0130
    7.5000    7.5000   37.500012233.4678   10.9828
   -7.5000   15.0000   37.500011424.3467   11.2043
    0.0000   15.0000   37.500011891.2822   11.2039
    7.5000   15.0000   37.500011389.7695   11.1733
   -7.5000   22.5000   37.500010619.5098   11.5623
    0.0000   22.5000   37.500011078.4893   11.5651
    7.5000   22.5000   37.500010596.4443   11.5328
   -7.5000   30.0000   37.5000 9873.4854   11.8398
    0.0000   30.0000   37.500010314.7188   11.8429
    7.5000   30.0000   37.5000 9858.8662   11.8058
   -7.5000   37.5000   37.5000 9556.0293   12.3137
    0.0000   37.5000   37.5000 9963.0918   12.3153
    7.5000   37.5000   37.5000 9544.6562   12.2770
   -7.5000   45.0000   37.5000 8898.6113   12.5321
    0.0000   45.0000   37.5000 9258.2500   12.5386
    7.5000   45.0000   37.5000 8880.6025   12.4999
   -7.5000  -45.0000   45.000010385.0518   11.3362
    0.0000  -45.0000   45.000010846.3438   11.3313
    7.5000  -45.0000   45.000010434.5361   11.2954
   -7.5000  -37.5000   45.000010687.6982   11.3027
    0.0000  -37.5000   45.000011122.7822   11.2991
    7.5000  -37.5000   45.000010704.2920   11.2630
   -7.5000  -30.0000   45.000011245.6445   11.2699
    0.0000  -30.0000   45.000011675.5215   11.2661
    7.5000  -30.0000   45.000011224.9541   11.2283
   -7.5000  -22.5000   45.000011687.9365   11.2577
    0.0000  -22.5000   45.000012129.3389   11.2525
    7.5000  -22.5000   45.000011639.7002   11.2129
   -7.5000  -15.0000   45.000011985.5869   11.2567
    0.0000  -15.0000   45.000012378.4131   11.2504
    7.5000  -15.0000   45.000011880.6113   11.2107
   -7.5000   -7.5000   45.000012094.0840   11.2594
    0.0000   -7.5000   45.000012510.8477   11.2531
    7.5000   -7.5000   45.000011996.0947   11.2150
   -7.5000    0.0000   45.000012114.1963   11.2537
    0.0000    0.0000   45.000012566.9268   11.2487
    7.5000    0.0000   45.000012022.6621   11.2120
   -7.5000    7.5000   45.000011295.5527   11.2387
    0.0000    7.5000   45.000011727.1377   11.2349
    7.5000    7.5000   45.000011231.7568   11.1982
   -7.5000   15.0000   45.000010492.5312   11.4323
    0.0000   15.0000   45.000010927.7734   11.4305
    7.5000   15.0000   45.000010464.2285   11.3926
   -7.5000   22.5000   45.0000 9773.7383   11.7972
    0.0000   22.5000   45.000010188.7627   11.7982
    7.5000   22.5000   45.0000 9753.4795   11.7585
   -7.5000   30.0000   45.0000 9092.6455   12.0801
    0.0000   30.0000   45.0000 9487.8076   12.0830
    7.5000   30.0000   45.0000 9090.4980   12.0399
   -7.5000   37.5000   45.0000 8808.5713   12.5688
    0.0000   37.5000   45.0000 9185.0391   12.5728
    7.5000   37.5000   45.0000 8794.5918   12.5309
   -7.5000   45.0000   45.0000 8192.3896   12.7999
    0.0000   45.0000   45.0000 8522.9014   12.8095
    7.5000   45.0000   45.0000 8174.7134   12.7690

---------------------------------------------------------------------
imgreg_4dfp /usr/local/freesurfer/dev/average/711-2C_as_mni_average_305 /usr/local/freesurfer/dev/average/711-2B_as_mni_average_305_mask talsrcimg_g11 none talsrcimg_to_711-2C_as_mni_average_305_t4 4355
---------------------------------------------------------------------

freesurfer imgreg_4dfp.c
/usr/local/freesurfer/dev/average/711-2C_as_mni_average_305.4dfp.img
       256       256       256         1
  1.000000  1.000000  1.000000
orientation T byte_order littleendian
Reading image: /usr/local/freesurfer/dev/average/711-2C_as_mni_average_305.4dfp.img
dimensions:      256       256       256
mmppix:       1.0000   -1.0000   -1.0000
center:     128.0000 -129.0000 -129.0000
/usr/local/freesurfer/dev/average/711-2B_as_mni_average_305_mask.4dfp.img
       256       256       256         1
  1.000000  1.000000  1.000000
orientation T byte_order littleendian
Reading mask: /usr/local/freesurfer/dev/average/711-2B_as_mni_average_305_mask.4dfp.img (2306576 pixels)
talsrcimg_g11.4dfp.img
       256       256       256         1
  1.000000  1.000000  1.000000
orientation T byte_order littleendian
Reading image: talsrcimg_g11.4dfp.img
dimensions:      256       256       256
mmppix:       1.0000   -1.0000   -1.0000
center:     128.0000 -129.0000 -129.0000
rotation matrix determinant  1.000000
image alignment mode   4355 decimal     1103 hex
   -7.5000  -45.0000  -45.0000 2414.3967   12.2547
    0.0000  -45.0000  -45.0000 2438.6611   12.1430
    7.5000  -45.0000  -45.0000 2428.3625   12.1614
   -7.5000  -37.5000  -45.0000 2444.6885   11.9978
    0.0000  -37.5000  -45.0000 2465.5476   11.9067
    7.5000  -37.5000  -45.0000 2454.2017   11.9098
   -7.5000  -30.0000  -45.0000 2464.6206   11.7761
    0.0000  -30.0000  -45.0000 2479.1099   11.7126
    7.5000  -30.0000  -45.0000 2471.9041   11.7187
   -7.5000  -22.5000  -45.0000 2476.7239   11.6425
    0.0000  -22.5000  -45.0000 2492.0586   11.5953
    7.5000  -22.5000  -45.0000 2479.2439   11.6022
   -7.5000  -15.0000  -45.0000 2472.2725   11.6195
    0.0000  -15.0000  -45.0000 2492.5291   11.5620
    7.5000  -15.0000  -45.0000 2473.0669   11.5892
   -7.5000   -7.5000  -45.0000 2462.8206   11.6164
    0.0000   -7.5000  -45.0000 2483.4221   11.5777
    7.5000   -7.5000  -45.0000 2464.2048   11.6087
   -7.5000    0.0000  -45.0000 2450.6646   11.7556
    0.0000    0.0000  -45.0000 2471.9023   11.6895
    7.5000    0.0000  -45.0000 2454.2009   11.7314
   -7.5000    7.5000  -45.0000 2429.1731   12.0312
    0.0000    7.5000  -45.0000 2451.6743   12.0078
    7.5000    7.5000  -45.0000 2429.5217   12.0300
   -7.5000   15.0000  -45.0000 2386.5225   12.5704
    0.0000   15.0000  -45.0000 2410.2256   12.5187
    7.5000   15.0000  -45.0000 2384.7683   12.5773
   -7.5000   22.5000  -45.0000 2333.2205   13.3197
    0.0000   22.5000  -45.0000 2352.4944   13.2561
    7.5000   22.5000  -45.0000 2333.3499   13.3023
   -7.5000   30.0000  -45.0000 2255.9731   14.3138
    0.0000   30.0000  -45.0000 2275.2163   14.2266
    7.5000   30.0000  -45.0000 2255.4529   14.3113
   -7.5000   37.5000  -45.0000 2162.1565   15.5312
    0.0000   37.5000  -45.0000 2179.9277   15.4179
    7.5000   37.5000  -45.0000 2159.8738   15.5508
   -7.5000   45.0000  -45.0000 2047.0461   17.1846
    0.0000   45.0000  -45.0000 2062.0305   17.0197
    7.5000   45.0000  -45.0000 2042.6255   17.1979
   -7.5000  -45.0000  -37.5000 2503.6428   11.4049
    0.0000  -45.0000  -37.5000 2533.6687   11.2771
    7.5000  -45.0000  -37.5000 2521.1914   11.2854
   -7.5000  -37.5000  -37.5000 2535.0210   11.1599
    0.0000  -37.5000  -37.5000 2564.9768   11.0482
    7.5000  -37.5000  -37.5000 2547.8457   11.0642
   -7.5000  -30.0000  -37.5000 2552.8745   10.9768
    0.0000  -30.0000  -37.5000 2577.9766   10.8874
    7.5000  -30.0000  -37.5000 2565.0522   10.8962
   -7.5000  -22.5000  -37.5000 2565.0369   10.8453
    0.0000  -22.5000  -37.5000 2581.7556   10.7914
    7.5000  -22.5000  -37.5000 2572.8245   10.7728
   -7.5000  -15.0000  -37.5000 2568.0784   10.7936
    0.0000  -15.0000  -37.5000 2584.5688   10.7444
    7.5000  -15.0000  -37.5000 2571.6294   10.7335
   -7.5000   -7.5000  -37.5000 2564.3745   10.7874
    0.0000   -7.5000  -37.5000 2584.7515   10.7629
    7.5000   -7.5000  -37.5000 2565.3628   10.7761
   -7.5000    0.0000  -37.5000 2550.5549   10.8987
    0.0000    0.0000  -37.5000 2570.4360   10.8792
    7.5000    0.0000  -37.5000 2550.1929   10.9027
   -7.5000    7.5000  -37.5000 2525.7124   11.1768
    0.0000    7.5000  -37.5000 2549.7344   11.1538
    7.5000    7.5000  -37.5000 2523.5957   11.1840
   -7.5000   15.0000  -37.5000 2480.5249   11.6836
    0.0000   15.0000  -37.5000 2504.6926   11.6239
    7.5000   15.0000  -37.5000 2479.7292   11.6632
   -7.5000   22.5000  -37.5000 2424.4868   12.3648
    0.0000   22.5000  -37.5000 2444.1838   12.2969
    7.5000   22.5000  -37.5000 2422.5178   12.3289
   -7.5000   30.0000  -37.5000 2343.0813   13.2545
    0.0000   30.0000  -37.5000 2363.4929   13.1756
    7.5000   30.0000  -37.5000 2342.1858   13.2314
   -7.5000   37.5000  -37.5000 2240.5398   14.4089
    0.0000   37.5000  -37.5000 2259.9766   14.3110
    7.5000   37.5000  -37.5000 2240.5398   14.3959
   -7.5000   45.0000  -37.5000 2119.9197   15.9355
    0.0000   45.0000  -37.5000 2139.5747   15.7990
    7.5000   45.0000  -37.5000 2118.7388   15.9064
   -7.5000  -45.0000  -30.0000 2629.0366   11.0239
    0.0000  -45.0000  -30.0000 2659.4170   10.8907
    7.5000  -45.0000  -30.0000 2649.5916   10.9072
   -7.5000  -37.5000  -30.0000 2656.3601   10.7821
    0.0000  -37.5000  -30.0000 2686.3708   10.6544
    7.5000  -37.5000  -30.0000 2672.1941   10.6854
   -7.5000  -30.0000  -30.0000 2674.2874   10.5765
    0.0000  -30.0000  -30.0000 2700.8530   10.4593
    7.5000  -30.0000  -30.0000 2689.2539   10.4912
   -7.5000  -22.5000  -30.0000 2686.1548   10.4349
    0.0000  -22.5000  -30.0000 2710.1196   10.3576
    7.5000  -22.5000  -30.0000 2700.1646   10.3561
   -7.5000  -15.0000  -30.0000 2695.7366   10.3743
    0.0000  -15.0000  -30.0000 2716.6770   10.3158
    7.5000  -15.0000  -30.0000 2706.2246   10.3115
   -7.5000   -7.5000  -30.0000 2699.3472   10.3580
    0.0000   -7.5000  -30.0000 2727.5435   10.3399
    7.5000   -7.5000  -30.0000 2704.4712   10.3439
   -7.5000    0.0000  -30.0000 2691.9729   10.4666
    0.0000    0.0000  -30.0000 2715.5938   10.4504
    7.5000    0.0000  -30.0000 2692.7891   10.4636
   -7.5000    7.5000  -30.0000 2663.0562   10.7608
    0.0000    7.5000  -30.0000 2695.5977   10.7251
    7.5000    7.5000  -30.0000 2668.3250   10.7552
   -7.5000   15.0000  -30.0000 2621.6443   11.2643
    0.0000   15.0000  -30.0000 2649.1936   11.1912
    7.5000   15.0000  -30.0000 2624.2979   11.2172
   -7.5000   22.5000  -30.0000 2557.0276   11.9046
    0.0000   22.5000  -30.0000 2580.8330   11.8349
    7.5000   22.5000  -30.0000 2558.2104   11.8431
   -7.5000   30.0000  -30.0000 2464.6235   12.7471
    0.0000   30.0000  -30.0000 2483.1731   12.6628
    7.5000   30.0000  -30.0000 2463.6606   12.7014
   -7.5000   37.5000  -30.0000 2351.2668   13.8919
    0.0000   37.5000  -30.0000 2371.2529   13.8015
    7.5000   37.5000  -30.0000 2356.0159   13.8575
   -7.5000   45.0000  -30.0000 2223.4915   15.3586
    0.0000   45.0000  -30.0000 2246.7642   15.2597
    7.5000   45.0000  -30.0000 2228.9111   15.3062
   -7.5000  -45.0000  -22.5000 2711.5679   10.6277
    0.0000  -45.0000  -22.5000 2742.3979   10.4667
    7.5000  -45.0000  -22.5000 2733.7117   10.5003
   -7.5000  -37.5000  -22.5000 2732.8337   10.3692
    0.0000  -37.5000  -22.5000 2765.8127   10.2184
    7.5000  -37.5000  -22.5000 2754.2197   10.2426
   -7.5000  -30.0000  -22.5000 2754.1890   10.1363
    0.0000  -30.0000  -22.5000 2787.2290   10.0143
    7.5000  -30.0000  -22.5000 2778.0273   10.0500
   -7.5000  -22.5000  -22.5000 2771.5691    9.9840
    0.0000  -22.5000  -22.5000 2804.0322    9.8683
    7.5000  -22.5000  -22.5000 2791.7583    9.9020
   -7.5000  -15.0000  -22.5000 2786.4524    9.9146
    0.0000  -15.0000  -22.5000 2817.5989    9.8090
    7.5000  -15.0000  -22.5000 2802.5044    9.8419
   -7.5000   -7.5000  -22.5000 2798.8049    9.9159
    0.0000   -7.5000  -22.5000 2832.2776    9.8257
    7.5000   -7.5000  -22.5000 2807.4460    9.8495
   -7.5000    0.0000  -22.5000 2805.2383    9.9943
    0.0000    0.0000  -22.5000 2831.0012    9.9204
    7.5000    0.0000  -22.5000 2802.5493    9.9552
   -7.5000    7.5000  -22.5000 2779.3687   10.2942
    0.0000    7.5000  -22.5000 2811.0222   10.2176
    7.5000    7.5000  -22.5000 2782.1636   10.2528
   -7.5000   15.0000  -22.5000 2728.5151   10.7686
    0.0000   15.0000  -22.5000 2761.3230   10.6907
    7.5000   15.0000  -22.5000 2738.3267   10.7028
   -7.5000   22.5000  -22.5000 2655.7964   11.3923
    0.0000   22.5000  -22.5000 2682.0076   11.3174
    7.5000   22.5000  -22.5000 2662.0012   11.3317
   -7.5000   30.0000  -22.5000 2557.6453   12.2173
    0.0000   30.0000  -22.5000 2577.4009   12.1313
    7.5000   30.0000  -22.5000 2561.4517   12.1733
   -7.5000   37.5000  -22.5000 2434.4099   13.3450
    0.0000   37.5000  -22.5000 2455.1619   13.2557
    7.5000   37.5000  -22.5000 2440.8821   13.3147
   -7.5000   45.0000  -22.5000 2304.5745   14.7676
    0.0000   45.0000  -22.5000 2323.9514   14.6658
    7.5000   45.0000  -22.5000 2311.9673   14.7391
   -7.5000  -45.0000  -15.0000 2755.2114   10.2629
    0.0000  -45.0000  -15.0000 2792.6812   10.0646
    7.5000  -45.0000  -15.0000 2780.2253   10.0957
   -7.5000  -37.5000  -15.0000 2776.2119    9.9753
    0.0000  -37.5000  -15.0000 2809.9446    9.8014
    7.5000  -37.5000  -15.0000 2798.8926    9.8270
   -7.5000  -30.0000  -15.0000 2798.8379    9.7540
    0.0000  -30.0000  -15.0000 2832.1553    9.5855
    7.5000  -30.0000  -15.0000 2820.5784    9.6195
   -7.5000  -22.5000  -15.0000 2826.6023    9.5845
    0.0000  -22.5000  -15.0000 2854.2834    9.4236
    7.5000  -22.5000  -15.0000 2842.2366    9.4669
   -7.5000  -15.0000  -15.0000 2851.0537    9.5143
    0.0000  -15.0000  -15.0000 2876.8989    9.3489
    7.5000  -15.0000  -15.0000 2862.4182    9.4128
   -7.5000   -7.5000  -15.0000 2870.1892    9.5278
    0.0000   -7.5000  -15.0000 2904.1609    9.3610
    7.5000   -7.5000  -15.0000 2878.6753    9.4140
   -7.5000    0.0000  -15.0000 2877.7769    9.5726
    0.0000    0.0000  -15.0000 2905.9312    9.4005
    7.5000    0.0000  -15.0000 2876.6804    9.5082
   -7.5000    7.5000  -15.0000 2857.7183    9.8721
    0.0000    7.5000  -15.0000 2885.1455    9.7258
    7.5000    7.5000  -15.0000 2862.0522    9.7993
   -7.5000   15.0000  -15.0000 2800.0679   10.3206
    0.0000   15.0000  -15.0000 2834.5444   10.1951
    7.5000   15.0000  -15.0000 2811.5620   10.2557
   -7.5000   22.5000  -15.0000 2722.7524   10.9398
    0.0000   22.5000  -15.0000 2750.5728   10.8135
    7.5000   22.5000  -15.0000 2730.7976   10.8794
   -7.5000   30.0000  -15.0000 2616.4241   11.7791
    0.0000   30.0000  -15.0000 2640.1914   11.6329
    7.5000   30.0000  -15.0000 2622.5261   11.7306
   -7.5000   37.5000  -15.0000 2491.6309   12.8904
    0.0000   37.5000  -15.0000 2514.2488   12.7504
    7.5000   37.5000  -15.0000 2497.2019   12.8343
   -7.5000   45.0000  -15.0000 2358.5554   14.2938
    0.0000   45.0000  -15.0000 2380.0237   14.1412
    7.5000   45.0000  -15.0000 2361.5312   14.2160
   -7.5000  -45.0000   -7.5000 2778.2361    9.9222
    0.0000  -45.0000   -7.5000 2810.3091    9.7116
    7.5000  -45.0000   -7.5000 2804.2300    9.7320
   -7.5000  -37.5000   -7.5000 2796.4009    9.6364
    0.0000  -37.5000   -7.5000 2830.3972    9.4445
    7.5000  -37.5000   -7.5000 2821.5613    9.4625
   -7.5000  -30.0000   -7.5000 2824.5493    9.4143
    0.0000  -30.0000   -7.5000 2855.5081    9.2219
    7.5000  -30.0000   -7.5000 2844.9446    9.2548
   -7.5000  -22.5000   -7.5000 2857.4902    9.2461
    0.0000  -22.5000   -7.5000 2884.2012    9.0498
    7.5000  -22.5000   -7.5000 2867.9766    9.0982
   -7.5000  -15.0000   -7.5000 2892.0488    9.1917
    0.0000  -15.0000   -7.5000 2917.2981    8.9996
    7.5000  -15.0000   -7.5000 2900.5420    9.0542
   -7.5000   -7.5000   -7.5000 2923.1682    9.2575
    0.0000   -7.5000   -7.5000 2953.2122    9.0680
    7.5000   -7.5000   -7.5000 2927.8071    9.1198
   -7.5000    0.0000   -7.5000 2937.7485    9.3140
    0.0000    0.0000   -7.5000 2966.8594    9.0660
    7.5000    0.0000   -7.5000 2937.5498    9.2489
   -7.5000    7.5000   -7.5000 2917.1360    9.5563
    0.0000    7.5000   -7.5000 2945.2849    9.3557
    7.5000    7.5000   -7.5000 2923.9734    9.4821
   -7.5000   15.0000   -7.5000 2850.1855    9.9689
    0.0000   15.0000   -7.5000 2881.4644    9.8246
    7.5000   15.0000   -7.5000 2862.1091    9.8921
   -7.5000   22.5000   -7.5000 2765.3154   10.5506
    0.0000   22.5000   -7.5000 2798.5364   10.4201
    7.5000   22.5000   -7.5000 2774.3474   10.4838
   -7.5000   30.0000   -7.5000 2653.1816   11.3697
    0.0000   30.0000   -7.5000 2683.3281   11.2518
    7.5000   30.0000   -7.5000 2661.5330   11.3046
   -7.5000   37.5000   -7.5000 2526.8906   12.4523
    0.0000   37.5000   -7.5000 2553.6838   12.3445
    7.5000   37.5000   -7.5000 2532.0852   12.3802
   -7.5000   45.0000   -7.5000 2391.1594   13.8144
    0.0000   45.0000   -7.5000 2414.8621   13.7204
    7.5000   45.0000   -7.5000 2392.4082   13.7812
   -7.5000  -45.0000    0.0000 2789.6819    9.7197
    0.0000  -45.0000    0.0000 2816.2661    9.4938
    7.5000  -45.0000    0.0000 2813.1743    9.5163
   -7.5000  -37.5000    0.0000 2808.3735    9.4637
    0.0000  -37.5000    0.0000 2835.2761    9.2464
    7.5000  -37.5000    0.0000 2828.4387    9.2723
   -7.5000  -30.0000    0.0000 2838.8118    9.2447
    0.0000  -30.0000    0.0000 2859.5588    9.0184
    7.5000  -30.0000    0.0000 2855.6606    9.0468
   -7.5000  -22.5000    0.0000 2874.6602    9.0816
    0.0000  -22.5000    0.0000 2894.7390    8.8643
    7.5000  -22.5000    0.0000 2887.0713    8.9078
   -7.5000  -15.0000    0.0000 2914.7017    9.0107
    0.0000  -15.0000    0.0000 2938.2200    8.8206
    7.5000  -15.0000    0.0000 2923.4426    8.8747
   -7.5000   -7.5000    0.0000 2956.8960    9.0688
    0.0000   -7.5000    0.0000 2991.7312    8.9555
    7.5000   -7.5000    0.0000 2961.7053    8.9739
   -7.5000    0.0000    0.0000 2976.0664    9.1994
    0.0000    0.0000    0.0000 3017.8052    9.0965
    7.5000    0.0000    0.0000 2982.0906    9.1624
   -7.5000    7.5000    0.0000 2951.5735    9.4054
    0.0000    7.5000    0.0000 2997.8184    9.3012
    7.5000    7.5000    0.0000 2962.2681    9.3614
   -7.5000   15.0000    0.0000 2884.7065    9.7325
    0.0000   15.0000    0.0000 2921.0825    9.6321
    7.5000   15.0000    0.0000 2892.6204    9.6713
   -7.5000   22.5000    0.0000 2792.3931   10.2857
    0.0000   22.5000    0.0000 2822.8579   10.1496
    7.5000   22.5000    0.0000 2801.3306   10.1975
   -7.5000   30.0000    0.0000 2677.1855   11.1131
    0.0000   30.0000    0.0000 2703.5149   10.9750
    7.5000   30.0000    0.0000 2683.9453   11.0201
   -7.5000   37.5000    0.0000 2546.5757   12.2036
    0.0000   37.5000    0.0000 2570.6853   12.0804
    7.5000   37.5000    0.0000 2550.1917   12.1341
   -7.5000   45.0000    0.0000 2405.3770   13.5606
    0.0000   45.0000    0.0000 2428.5022   13.4671
    7.5000   45.0000    0.0000 2404.3416   13.5301
   -7.5000  -45.0000    7.5000 2795.2532    9.6894
    0.0000  -45.0000    7.5000 2820.3149    9.4116
    7.5000  -45.0000    7.5000 2822.0068    9.4368
   -7.5000  -37.5000    7.5000 2815.6045    9.4806
    0.0000  -37.5000    7.5000 2836.6670    9.2328
    7.5000  -37.5000    7.5000 2832.8989    9.2665
   -7.5000  -30.0000    7.5000 2841.4478    9.2726
    0.0000  -30.0000    7.5000 2862.3176    9.0737
    7.5000  -30.0000    7.5000 2853.4631    9.1010
   -7.5000  -22.5000    7.5000 2874.9211    9.1243
    0.0000  -22.5000    7.5000 2899.9150    8.9615
    7.5000  -22.5000    7.5000 2886.2646    8.9925
   -7.5000  -15.0000    7.5000 2915.8958    9.0364
    0.0000  -15.0000    7.5000 2946.2607    8.9016
    7.5000  -15.0000    7.5000 2925.8406    8.9372
   -7.5000   -7.5000    7.5000 2961.8191    9.0758
    0.0000   -7.5000    7.5000 3009.1558    8.9707
    7.5000   -7.5000    7.5000 2968.2417    9.0040
   -7.5000    0.0000    7.5000 2988.3108    9.1940
    0.0000    0.0000    7.5000 3039.1655    9.1029
    7.5000    0.0000    7.5000 2998.9189    9.1589
   -7.5000    7.5000    7.5000 2959.0217    9.4239
    0.0000    7.5000    7.5000 3016.9277    9.3411
    7.5000    7.5000    7.5000 2975.0698    9.3688
   -7.5000   15.0000    7.5000 2886.3708    9.7503
    0.0000   15.0000    7.5000 2937.7302    9.6413
    7.5000   15.0000    7.5000 2897.7253    9.7057
   -7.5000   22.5000    7.5000 2794.2908   10.2851
    0.0000   22.5000    7.5000 2831.0542   10.1779
    7.5000   22.5000    7.5000 2802.8372   10.2188
   -7.5000   30.0000    7.5000 2676.0303   11.0932
    0.0000   30.0000    7.5000 2705.2468   10.9837
    7.5000   30.0000    7.5000 2684.6494   11.0057
   -7.5000   37.5000    7.5000 2550.3511   12.1527
    0.0000   37.5000    7.5000 2569.4646   12.0406
    7.5000   37.5000    7.5000 2554.8206   12.0769
   -7.5000   45.0000    7.5000 2404.7402   13.4991
    0.0000   45.0000    7.5000 2427.4155   13.3939
    7.5000   45.0000    7.5000 2409.5642   13.4468
   -7.5000  -45.0000   15.0000 2786.0808    9.8572
    0.0000  -45.0000   15.0000 2817.0774    9.5926
    7.5000  -45.0000   15.0000 2814.6655    9.6228
   -7.5000  -37.5000   15.0000 2806.1748    9.6447
    0.0000  -37.5000   15.0000 2834.8008    9.4174
    7.5000  -37.5000   15.0000 2825.6282    9.4509
   -7.5000  -30.0000   15.0000 2833.0906    9.4529
    0.0000  -30.0000   15.0000 2861.3303    9.2607
    7.5000  -30.0000   15.0000 2844.8743    9.3003
   -7.5000  -22.5000   15.0000 2862.0713    9.2964
    0.0000  -22.5000   15.0000 2890.2202    9.1294
    7.5000  -22.5000   15.0000 2874.7490    9.1779
   -7.5000  -15.0000   15.0000 2900.4846    9.2236
    0.0000  -15.0000   15.0000 2930.7134    9.0642
    7.5000  -15.0000   15.0000 2911.0508    9.1162
   -7.5000   -7.5000   15.0000 2941.7444    9.2644
    0.0000   -7.5000   15.0000 2992.6941    9.0956
    7.5000   -7.5000   15.0000 2952.7656    9.1917
   -7.5000    0.0000   15.0000 2962.9380    9.3364
    0.0000    0.0000   15.0000 3010.8518    9.1499
    7.5000    0.0000   15.0000 2974.2024    9.2884
   -7.5000    7.5000   15.0000 2933.3242    9.5534
    0.0000    7.5000   15.0000 2982.4255    9.3629
    7.5000    7.5000   15.0000 2948.4917    9.4746
   -7.5000   15.0000   15.0000 2863.6260    9.9441
    0.0000   15.0000   15.0000 2914.4377    9.7669
    7.5000   15.0000   15.0000 2880.9829    9.8609
   -7.5000   22.5000   15.0000 2771.7344   10.5074
    0.0000   22.5000   15.0000 2807.2324   10.3703
    7.5000   22.5000   15.0000 2786.5630   10.4083
   -7.5000   30.0000   15.0000 2656.0347   11.2949
    0.0000   30.0000   15.0000 2679.5352   11.1798
    7.5000   30.0000   15.0000 2664.0251   11.2146
   -7.5000   37.5000   15.0000 2534.0635   12.2976
    0.0000   37.5000   15.0000 2552.5979   12.1834
    7.5000   37.5000   15.0000 2536.9934   12.2395
   -7.5000   45.0000   15.0000 2387.7388   13.5977
    0.0000   45.0000   15.0000 2412.8533   13.5073
    7.5000   45.0000   15.0000 2391.7002   13.5342
   -7.5000  -45.0000   22.5000 2759.5112   10.1348
    0.0000  -45.0000   22.5000 2790.1768    9.8528
    7.5000  -45.0000   22.5000 2783.2217    9.8917
   -7.5000  -37.5000   22.5000 2778.3928    9.9143
    0.0000  -37.5000   22.5000 2811.9863    9.6544
    7.5000  -37.5000   22.5000 2800.5383    9.6945
   -7.5000  -30.0000   22.5000 2801.6992    9.7058
    0.0000  -30.0000   22.5000 2833.5559    9.4912
    7.5000  -30.0000   22.5000 2819.0342    9.5371
   -7.5000  -22.5000   22.5000 2830.3220    9.5823
    0.0000  -22.5000   22.5000 2863.4275    9.3695
    7.5000  -22.5000   22.5000 2843.5427    9.4323
   -7.5000  -15.0000   22.5000 2868.8499    9.5469
    0.0000  -15.0000   22.5000 2901.1257    9.3417
    7.5000  -15.0000   22.5000 2878.4470    9.4124
   -7.5000   -7.5000   22.5000 2905.4729    9.5916
    0.0000   -7.5000   22.5000 2946.6147    9.3766
    7.5000   -7.5000   22.5000 2913.2664    9.5016
   -7.5000    0.0000   22.5000 2907.2732    9.6508
    0.0000    0.0000   22.5000 2941.1736    9.4192
    7.5000    0.0000   22.5000 2916.3025    9.5694
   -7.5000    7.5000   22.5000 2873.9004    9.8810
    0.0000    7.5000   22.5000 2911.8779    9.6897
    7.5000    7.5000   22.5000 2884.2400    9.7855
   -7.5000   15.0000   22.5000 2814.0120   10.2723
    0.0000   15.0000   22.5000 2853.1177   10.1110
    7.5000   15.0000   22.5000 2826.4094   10.1919
   -7.5000   22.5000   22.5000 2727.6658   10.8606
    0.0000   22.5000   22.5000 2757.8398   10.7079
    7.5000   22.5000   22.5000 2739.9441   10.7557
   -7.5000   30.0000   22.5000 2613.5657   11.6353
    0.0000   30.0000   22.5000 2640.9995   11.4870
    7.5000   30.0000   22.5000 2623.9106   11.5375
   -7.5000   37.5000   22.5000 2493.6519   12.6151
    0.0000   37.5000   22.5000 2516.0293   12.4909
    7.5000   37.5000   22.5000 2501.9929   12.5543
   -7.5000   45.0000   22.5000 2356.3535   13.8927
    0.0000   45.0000   22.5000 2380.6128   13.7814
    7.5000   45.0000   22.5000 2362.7139   13.8319
   -7.5000  -45.0000   30.0000 2719.0396   10.4735
    0.0000  -45.0000   30.0000 2750.3250   10.1324
    7.5000  -45.0000   30.0000 2746.6169   10.1787
   -7.5000  -37.5000   30.0000 2740.7900   10.2449
    0.0000  -37.5000   30.0000 2775.0432    9.9385
    7.5000  -37.5000   30.0000 2764.4250    9.9771
   -7.5000  -30.0000   30.0000 2763.9475   10.0666
    0.0000  -30.0000   30.0000 2795.6094    9.7995
    7.5000  -30.0000   30.0000 2780.1152    9.8409
   -7.5000  -22.5000   30.0000 2793.2427    9.9660
    0.0000  -22.5000   30.0000 2824.7844    9.7296
    7.5000  -22.5000   30.0000 2806.6162    9.7904
   -7.5000  -15.0000   30.0000 2823.4224    9.9794
    0.0000  -15.0000   30.0000 2856.5759    9.7483
    7.5000  -15.0000   30.0000 2834.3428    9.8158
   -7.5000   -7.5000   30.0000 2847.6797   10.0236
    0.0000   -7.5000   30.0000 2880.4631    9.7778
    7.5000   -7.5000   30.0000 2853.1365    9.9067
   -7.5000    0.0000   30.0000 2835.3167   10.0767
    0.0000    0.0000   30.0000 2867.6836    9.8585
    7.5000    0.0000   30.0000 2843.8884    9.9732
   -7.5000    7.5000   30.0000 2800.9141   10.3427
    0.0000    7.5000   30.0000 2834.5513   10.1643
    7.5000    7.5000   30.0000 2810.6372   10.2461
   -7.5000   15.0000   30.0000 2741.1501   10.7659
    0.0000   15.0000   30.0000 2769.6450   10.5909
    7.5000   15.0000   30.0000 2749.8677   10.6582
   -7.5000   22.5000   30.0000 2657.3516   11.3560
    0.0000   22.5000   30.0000 2685.1428   11.1917
    7.5000   22.5000   30.0000 2667.8772   11.2364
   -7.5000   30.0000   30.0000 2553.2966   12.1141
    0.0000   30.0000   30.0000 2581.6179   11.9387
    7.5000   30.0000   30.0000 2562.1150   11.9896
   -7.5000   37.5000   30.0000 2439.8936   13.0765
    0.0000   37.5000   30.0000 2468.5234   12.9257
    7.5000   37.5000   30.0000 2449.4961   12.9942
   -7.5000   45.0000   30.0000 2310.2891   14.3547
    0.0000   45.0000   30.0000 2334.6646   14.2088
    7.5000   45.0000   30.0000 2315.6899   14.2529
   -7.5000  -45.0000   37.5000 2677.8228   10.8291
    0.0000  -45.0000   37.5000 2715.7510   10.4669
    7.5000  -45.0000   37.5000 2712.7363   10.5092
   -7.5000  -37.5000   37.5000 2698.3167   10.6274
    0.0000  -37.5000   37.5000 2735.8396   10.2950
    7.5000  -37.5000   37.5000 2729.1616   10.3436
   -7.5000  -30.0000   37.5000 2722.6658   10.4711
    0.0000  -30.0000   37.5000 2756.9722   10.1913
    7.5000  -30.0000   37.5000 2744.8948   10.2401
   -7.5000  -22.5000   37.5000 2746.6968   10.4256
    0.0000  -22.5000   37.5000 2778.6030   10.1648
    7.5000  -22.5000   37.5000 2763.7065   10.2138
   -7.5000  -15.0000   37.5000 2765.5510   10.4928
    0.0000  -15.0000   37.5000 2802.0439   10.2429
    7.5000  -15.0000   37.5000 2778.4055   10.2963
   -7.5000   -7.5000   37.5000 2778.4939   10.5218
    0.0000   -7.5000   37.5000 2806.3542   10.2897
    7.5000   -7.5000   37.5000 2782.5442   10.3867
   -7.5000    0.0000   37.5000 2760.5356   10.6239
    0.0000    0.0000   37.5000 2793.3640   10.4367
    7.5000    0.0000   37.5000 2765.7776   10.5101
   -7.5000    7.5000   37.5000 2724.6877   10.9204
    0.0000    7.5000   37.5000 2756.4287   10.7483
    7.5000    7.5000   37.5000 2735.2200   10.8053
   -7.5000   15.0000   37.5000 2662.3906   11.3542
    0.0000   15.0000   37.5000 2690.6589   11.1901
    7.5000   15.0000   37.5000 2675.0000   11.2577
   -7.5000   22.5000   37.5000 2579.8042   11.9421
    0.0000   22.5000   37.5000 2610.0938   11.7758
    7.5000   22.5000   37.5000 2592.6531   11.8246
   -7.5000   30.0000   37.5000 2482.6646   12.6902
    0.0000   30.0000   37.5000 2511.0601   12.5186
    7.5000   30.0000   37.5000 2489.7307   12.5608
   -7.5000   37.5000   37.5000 2379.3877   13.6282
    0.0000   37.5000   37.5000 2402.5547   13.5035
    7.5000   37.5000   37.5000 2385.5410   13.5542
   -7.5000   45.0000   37.5000 2254.8020   14.8968
    0.0000   45.0000   37.5000 2275.3650   14.7609
    7.5000   45.0000   37.5000 2259.4492   14.8228
   -7.5000  -45.0000   45.0000 2626.6238   11.3042
    0.0000  -45.0000   45.0000 2666.0828   10.9531
    7.5000  -45.0000   45.0000 2659.7031   10.9731
   -7.5000  -37.5000   45.0000 2647.0930   11.1115
    0.0000  -37.5000   45.0000 2683.1138   10.7887
    7.5000  -37.5000   45.0000 2678.3901   10.8126
   -7.5000  -30.0000   45.0000 2669.5237   10.9973
    0.0000  -30.0000   45.0000 2703.8022   10.6885
    7.5000  -30.0000   45.0000 2696.5432   10.7220
   -7.5000  -22.5000   45.0000 2688.2393   10.9848
    0.0000  -22.5000   45.0000 2721.7231   10.6982
    7.5000  -22.5000   45.0000 2708.4636   10.7509
   -7.5000  -15.0000   45.0000 2703.7874   11.0725
    0.0000  -15.0000   45.0000 2736.9250   10.8005
    7.5000  -15.0000   45.0000 2714.6475   10.8643
   -7.5000   -7.5000   45.0000 2703.5542   11.1335
    0.0000   -7.5000   45.0000 2727.1853   10.9293
    7.5000   -7.5000   45.0000 2709.7815   10.9838
   -7.5000    0.0000   45.0000 2679.2615   11.3001
    0.0000    0.0000   45.0000 2709.1277   11.1293
    7.5000    0.0000   45.0000 2687.1777   11.1863
   -7.5000    7.5000   45.0000 2640.5632   11.6249
    0.0000    7.5000   45.0000 2668.4155   11.4406
    7.5000    7.5000   45.0000 2653.6890   11.5096
   -7.5000   15.0000   45.0000 2578.4275   12.0714
    0.0000   15.0000   45.0000 2605.6177   11.9003
    7.5000   15.0000   45.0000 2592.3970   11.9699
   -7.5000   22.5000   45.0000 2502.5659   12.6404
    0.0000   22.5000   45.0000 2529.2971   12.4739
    7.5000   22.5000   45.0000 2512.1467   12.5223
   -7.5000   30.0000   45.0000 2408.9062   13.3864
    0.0000   30.0000   45.0000 2433.5078   13.2105
    7.5000   30.0000   45.0000 2418.8125   13.2683
   -7.5000   37.5000   45.0000 2309.2178   14.3298
    0.0000   37.5000   45.0000 2329.0808   14.1925
    7.5000   37.5000   45.0000 2313.8953   14.2500
   -7.5000   45.0000   45.0000 2187.7263   15.6166
    0.0000   45.0000   45.0000 2202.5098   15.4900
    7.5000   45.0000   45.0000 2189.9768   15.5633

---------------------------------------------------------------------
imgreg_4dfp /usr/local/freesurfer/dev/average/711-2C_as_mni_average_305 /usr/local/freesurfer/dev/average/711-2B_as_mni_average_305_mask talsrcimg_g11 none talsrcimg_to_711-2C_as_mni_average_305_t4 1283
---------------------------------------------------------------------

freesurfer imgreg_4dfp.c
/usr/local/freesurfer/dev/average/711-2C_as_mni_average_305.4dfp.img
       256       256       256         1
  1.000000  1.000000  1.000000
orientation T byte_order littleendian
Reading image: /usr/local/freesurfer/dev/average/711-2C_as_mni_average_305.4dfp.img
dimensions:      256       256       256
mmppix:       1.0000   -1.0000   -1.0000
center:     128.0000 -129.0000 -129.0000
/usr/local/freesurfer/dev/average/711-2B_as_mni_average_305_mask.4dfp.img
       256       256       256         1
  1.000000  1.000000  1.000000
orientation T byte_order littleendian
Reading mask: /usr/local/freesurfer/dev/average/711-2B_as_mni_average_305_mask.4dfp.img (2306576 pixels)
talsrcimg_g11.4dfp.img
       256       256       256         1
  1.000000  1.000000  1.000000
orientation T byte_order littleendian
Reading image: talsrcimg_g11.4dfp.img
dimensions:      256       256       256
mmppix:       1.0000   -1.0000   -1.0000
center:     128.0000 -129.0000 -129.0000
rotation matrix determinant  1.000000
fimgreg.f
image alignment mode   1283 decimal      503 hex
parameters
    0.0000    0.0000    7.5000    0.0000    0.0000    0.0000
eta,q 0.95364  9.08370
niter,ni,del,rscale     5    3   12.0000    1.2000
parameters
    0.6465    0.6212    6.4452   -1.4607    0.5729    1.6774
eta,q 0.95719  9.05163
  0.0594  0.0551  0.0500  0.0466  0.0513  0.0510
  0.0536  0.0504  0.0466  0.0450  0.0491  0.0476
  0.0484  0.0467  0.0438  0.0438  0.0461  0.0450
  0.0451  0.0445  0.0441  0.0435  0.0436  0.0434
  0.0456  0.0452  0.0470  0.0455  0.0436  0.0428
  0.0498  0.0484  0.0508  0.0485  0.0459  0.0435
  0.0549  0.0515  0.0551  0.0520  0.0502  0.0458
niter,ni,del,rscale     4    3   12.0000    1.2000
parameters
    0.5814    1.4581    5.8348   -2.8450    0.4025    1.7482
eta,q 0.95691  9.07372
  0.0548  0.0541  0.0499  0.0454  0.0493  0.0481
  0.0500  0.0498  0.0465  0.0444  0.0471  0.0456
  0.0450  0.0453  0.0435  0.0433  0.0444  0.0440
  0.0428  0.0428  0.0429  0.0428  0.0431  0.0431
  0.0450  0.0437  0.0451  0.0437  0.0439  0.0437
  0.0497  0.0461  0.0486  0.0472  0.0468  0.0453
  0.0558  0.0496  0.0532  0.0512  0.0509  0.0480
niter,ni,del,rscale     3    3   12.0000    1.2000
parameters
    0.5366    2.2173    5.2868   -4.4761    0.4430    1.7683
eta,q 0.95649  9.07731
  0.0544  0.0528  0.0497  0.0448  0.0492  0.0479
  0.0499  0.0485  0.0463  0.0440  0.0470  0.0456
  0.0454  0.0443  0.0440  0.0436  0.0446  0.0443
  0.0431  0.0431  0.0435  0.0434  0.0435  0.0435
  0.0451  0.0441  0.0450  0.0436  0.0441  0.0440
  0.0495  0.0457  0.0482  0.0466  0.0463  0.0454
  0.0553  0.0488  0.0524  0.0507  0.0496  0.0480
niter,ni,del,rscale     2    3   12.0000    1.2000
parameters
    0.4574    3.2448    4.9067   -6.7571    0.3548    1.7580
eta,q 0.95669  9.09679
  0.0539  0.0517  0.0501  0.0437  0.0489  0.0472
  0.0499  0.0473  0.0463  0.0435  0.0464  0.0450
  0.0458  0.0443  0.0442  0.0433  0.0442  0.0438
  0.0435  0.0435  0.0437  0.0437  0.0433  0.0433
  0.0450  0.0440  0.0447  0.0441  0.0442  0.0436
  0.0493  0.0449  0.0477  0.0456  0.0462  0.0450
  0.0554  0.0471  0.0520  0.0500  0.0495  0.0473
niter,ni,del,rscale     1    3   12.0000    1.2000
parameters
    0.5248    4.5466    4.3597   -9.1602    0.2122    1.2586
eta,q 0.95761  9.11084
  0.0544  0.0504  0.0491  0.0434  0.0490  0.0461
  0.0499  0.0464  0.0457  0.0426  0.0464  0.0440
  0.0460  0.0441  0.0435  0.0424  0.0438  0.0427
  0.0433  0.0433  0.0431  0.0430  0.0424  0.0424
  0.0445  0.0430  0.0445  0.0440  0.0436  0.0432
  0.0489  0.0433  0.0476  0.0450  0.0464  0.0448
  0.0548  0.0460  0.0516  0.0479  0.0501  0.0476
registration optimization eta report
parameter search radius
    6.0000    6.0000    6.0000    6.0000    6.0000    6.0000
100000*second partial in parameter space
       30.       14.       20.        7.       19.       12.
  0.0544  0.0504  0.0491  0.0434  0.0490  0.0461
  0.0499  0.0464  0.0457  0.0426  0.0464  0.0440
  0.0460  0.0441  0.0435  0.0424  0.0438  0.0427
  0.0433  0.0433  0.0431  0.0430  0.0424  0.0424
  0.0445  0.0430  0.0445  0.0440  0.0436  0.0432
  0.0489  0.0433  0.0476  0.0450  0.0464  0.0448
  0.0548  0.0460  0.0516  0.0479  0.0501  0.0476
    0.5248    4.5466    4.3597   -9.1602    0.2122    1.2586
eta,q 0.95761  9.11084

---------------------------------------------------------------------
imgreg_4dfp /usr/local/freesurfer/dev/average/711-2C_as_mni_average_305 /usr/local/freesurfer/dev/average/711-2B_as_mni_average_305_mask talsrcimg_g11 none talsrcimg_to_711-2C_as_mni_average_305_t4 3335
---------------------------------------------------------------------

freesurfer imgreg_4dfp.c
/usr/local/freesurfer/dev/average/711-2C_as_mni_average_305.4dfp.img
       256       256       256         1
  1.000000  1.000000  1.000000
orientation T byte_order littleendian
Reading image: /usr/local/freesurfer/dev/average/711-2C_as_mni_average_305.4dfp.img
dimensions:      256       256       256
mmppix:       1.0000   -1.0000   -1.0000
center:     128.0000 -129.0000 -129.0000
/usr/local/freesurfer/dev/average/711-2B_as_mni_average_305_mask.4dfp.img
       256       256       256         1
  1.000000  1.000000  1.000000
orientation T byte_order littleendian
Reading mask: /usr/local/freesurfer/dev/average/711-2B_as_mni_average_305_mask.4dfp.img (2306576 pixels)
talsrcimg_g11.4dfp.img
       256       256       256         1
  1.000000  1.000000  1.000000
orientation T byte_order littleendian
Reading image: talsrcimg_g11.4dfp.img
dimensions:      256       256       256
mmppix:       1.0000   -1.0000   -1.0000
center:     128.0000 -129.0000 -129.0000
fimgreg.f
image alignment mode   3335 decimal      D07 hex
parameters
    0.5248    4.5466    4.3597   -0.0248   -1.2978   -1.2760
   -2.1096   -0.7152    2.1965   15.9077    0.3703  -15.9194
eta,q 0.95873  9.10726
niter,ni,del,rscale     5    3    5.0000    1.2000
parameter  4  2.762097 ->  0.500000 qaram    1.1500
parameter  5  3.652333 ->  0.500000 qaram    1.1500
parameters
    0.4150    4.6817    3.7851   -4.1648   -5.4378   -3.6594
   -3.7094    0.9392    2.6119   14.0233   -1.0310  -13.2583
eta,q 0.96796  8.74566
  0.0432  0.0425  0.0417  0.0348  0.0310  0.0333  0.0341  0.0374  0.0344  0.0334  0.0327  0.0338
  0.0421  0.0419  0.0414  0.0365  0.0324  0.0328  0.0331  0.0353  0.0333  0.0325  0.0324  0.0331
  0.0415  0.0415  0.0412  0.0389  0.0345  0.0327  0.0326  0.0336  0.0326  0.0322  0.0322  0.0326
  0.0413  0.0413  0.0413  0.0412  0.0371  0.0329  0.0327  0.0326  0.0324  0.0324  0.0322  0.0322
  0.0415  0.0413  0.0415  0.0439  0.0399  0.0332  0.0335  0.0324  0.0326  0.0330  0.0324  0.0320
  0.0423  0.0417  0.0420  0.0471  0.0425  0.0340  0.0346  0.0331  0.0331  0.0340  0.0328  0.0321
  0.0436  0.0423  0.0426  0.0505  0.0452  0.0353  0.0360  0.0345  0.0339  0.0352  0.0333  0.0325
niter,ni,del,rscale     6    3    5.0000    1.2000
parameter  4  1.167328 ->  0.500000 qaram    1.3225
parameter  5  0.780076 ->  0.500000 qaram    1.3225
parameters
    0.4243    5.0949    3.9922   -8.9258  -10.1988   -2.5304
   -3.2453    1.1003    2.9426   13.6854   -2.1083  -13.0262
eta,q 0.97331  8.49903
  0.0347  0.0349  0.0334  0.0283  0.0271  0.0293  0.0299  0.0305  0.0290  0.0291  0.0275  0.0281
  0.0332  0.0335  0.0327  0.0286  0.0267  0.0280  0.0283  0.0286  0.0278  0.0277  0.0270  0.0273
  0.0323  0.0325  0.0322  0.0297  0.0272  0.0271  0.0272  0.0273  0.0271  0.0269  0.0267  0.0269
  0.0320  0.0320  0.0320  0.0320  0.0288  0.0268  0.0268  0.0267  0.0267  0.0267  0.0267  0.0267
  0.0323  0.0320  0.0320  0.0347  0.0312  0.0268  0.0270  0.0271  0.0269  0.0272  0.0270  0.0268
  0.0332  0.0325  0.0324  0.0376  0.0343  0.0272  0.0278  0.0283  0.0275  0.0281  0.0274  0.0272
  0.0346  0.0334  0.0330  0.0412  0.0375  0.0281  0.0293  0.0303  0.0286  0.0294  0.0281  0.0279
niter,ni,del,rscale     7    3    5.0000    1.2000
parameters
    0.2616    5.6772    4.4033  -11.6377  -12.1795   -2.2593
   -3.3268    0.6935    2.9957   13.7588   -2.5006  -13.3797
eta,q 0.97377  8.33367
  0.0296  0.0305  0.0283  0.0285  0.0289  0.0284  0.0287  0.0295  0.0281  0.0289  0.0271  0.0274
  0.0279  0.0287  0.0274  0.0271  0.0273  0.0272  0.0274  0.0276  0.0270  0.0273  0.0266  0.0267
  0.0269  0.0274  0.0268  0.0263  0.0264  0.0264  0.0266  0.0265  0.0264  0.0264  0.0263  0.0263
  0.0267  0.0267  0.0265  0.0265  0.0263  0.0263  0.0263  0.0263  0.0262  0.0262  0.0262  0.0262
  0.0273  0.0265  0.0265  0.0279  0.0274  0.0265  0.0266  0.0269  0.0264  0.0266  0.0264  0.0264
  0.0286  0.0270  0.0268  0.0305  0.0297  0.0270  0.0275  0.0282  0.0270  0.0274  0.0268  0.0269
  0.0305  0.0280  0.0274  0.0336  0.0329  0.0280  0.0288  0.0301  0.0280  0.0286  0.0273  0.0275
niter,ni,del,rscale     6    3    5.0000    1.2000
parameters
    0.2936    5.9390    4.5368  -11.8818  -12.5564   -2.2789
   -3.3845    0.6217    3.0352   13.8933   -2.5964  -13.5047
eta,q 0.97375  8.31116
  0.0295  0.0291  0.0277  0.0297  0.0299  0.0282  0.0287  0.0298  0.0280  0.0290  0.0272  0.0274
  0.0277  0.0276  0.0269  0.0281  0.0281  0.0271  0.0274  0.0278  0.0270  0.0273  0.0267  0.0267
  0.0266  0.0267  0.0264  0.0269  0.0268  0.0264  0.0265  0.0266  0.0264  0.0264  0.0264  0.0263
  0.0262  0.0262  0.0262  0.0262  0.0262  0.0263  0.0262  0.0262  0.0262  0.0262  0.0263  0.0263
  0.0266  0.0263  0.0263  0.0265  0.0266  0.0265  0.0266  0.0268  0.0265  0.0266  0.0264  0.0264
  0.0276  0.0269  0.0267  0.0280  0.0282  0.0271  0.0274  0.0280  0.0270  0.0274  0.0267  0.0268
  0.0293  0.0281  0.0274  0.0306  0.0310  0.0282  0.0287  0.0298  0.0280  0.0286  0.0273  0.0274
niter,ni,del,rscale     5    3    5.0000    1.2000
parameters
    0.2951    5.9890    4.5293  -11.8966  -12.5979   -2.2908
   -3.4031    0.6147    3.0523   13.9378   -2.6137  -13.5481
eta,q 0.97375  8.30953
  0.0294  0.0287  0.0276  0.0298  0.0302  0.0282  0.0287  0.0298  0.0280  0.0289  0.0273  0.0275
  0.0277  0.0273  0.0268  0.0283  0.0283  0.0271  0.0274  0.0279  0.0270  0.0273  0.0267  0.0267
  0.0266  0.0265  0.0264  0.0270  0.0269  0.0264  0.0265  0.0266  0.0264  0.0264  0.0264  0.0263
  0.0262  0.0262  0.0262  0.0262  0.0262  0.0263  0.0263  0.0263  0.0263  0.0263  0.0263  0.0263
  0.0266  0.0265  0.0264  0.0264  0.0265  0.0265  0.0266  0.0268  0.0265  0.0266  0.0264  0.0264
  0.0277  0.0272  0.0269  0.0278  0.0280  0.0271  0.0274  0.0280  0.0270  0.0274  0.0267  0.0268
  0.0294  0.0285  0.0275  0.0304  0.0306  0.0281  0.0287  0.0297  0.0280  0.0286  0.0272  0.0274
niter,ni,del,rscale     4    3    5.0000    1.2000
parameters
    0.2945    5.9978    4.5221  -11.8965  -12.5998   -2.2958
   -3.4063    0.6118    3.0497   13.9523   -2.6201  -13.5621
eta,q 0.97375  8.30954
  0.0294  0.0286  0.0276  0.0299  0.0302  0.0282  0.0287  0.0298  0.0280  0.0289  0.0273  0.0275
  0.0277  0.0273  0.0268  0.0283  0.0283  0.0271  0.0274  0.0279  0.0270  0.0272  0.0267  0.0267
  0.0266  0.0265  0.0264  0.0270  0.0269  0.0264  0.0265  0.0266  0.0264  0.0264  0.0264  0.0264
  0.0263  0.0263  0.0263  0.0263  0.0263  0.0263  0.0263  0.0263  0.0263  0.0263  0.0263  0.0263
  0.0266  0.0265  0.0264  0.0264  0.0265  0.0265  0.0265  0.0268  0.0265  0.0266  0.0264  0.0264
  0.0277  0.0273  0.0269  0.0278  0.0280  0.0271  0.0274  0.0280  0.0270  0.0274  0.0267  0.0268
  0.0294  0.0285  0.0275  0.0303  0.0306  0.0281  0.0287  0.0297  0.0280  0.0286  0.0272  0.0274
registration optimization eta report
parameter search radius
    2.4000    2.4000    2.4000    9.5220    9.5220    7.2000
    7.2000    7.2000    7.2000    7.2000    7.2000    7.2000
100000*second partial in parameter space
       55.       40.       22.        4.        5.        4.
        5.        7.        3.        5.        2.        2.
  0.0294  0.0286  0.0276  0.0299  0.0302  0.0282  0.0287  0.0298  0.0280  0.0289  0.0273  0.0275
  0.0277  0.0273  0.0268  0.0283  0.0283  0.0271  0.0274  0.0279  0.0270  0.0272  0.0267  0.0267
  0.0266  0.0265  0.0264  0.0270  0.0269  0.0264  0.0265  0.0266  0.0264  0.0264  0.0264  0.0264
  0.0263  0.0263  0.0263  0.0263  0.0263  0.0263  0.0263  0.0263  0.0263  0.0263  0.0263  0.0263
  0.0266  0.0265  0.0264  0.0264  0.0265  0.0265  0.0265  0.0268  0.0265  0.0266  0.0264  0.0264
  0.0277  0.0273  0.0269  0.0278  0.0280  0.0271  0.0274  0.0280  0.0270  0.0274  0.0267  0.0268
  0.0294  0.0285  0.0275  0.0303  0.0306  0.0281  0.0287  0.0297  0.0280  0.0286  0.0272  0.0274
    0.2945    5.9978    4.5221  -11.8965  -12.5998   -2.2958
   -3.4063    0.6118    3.0497   13.9523   -2.6201  -13.5621
eta,q 0.97375  8.30954

---------------------------------------------------------------------
imgreg_4dfp /usr/local/freesurfer/dev/average/711-2C_as_mni_average_305 /usr/local/freesurfer/dev/average/711-2B_as_mni_average_305_mask talsrcimg_g11 none talsrcimg_to_711-2C_as_mni_average_305_t4 2311
---------------------------------------------------------------------

freesurfer imgreg_4dfp.c
/usr/local/freesurfer/dev/average/711-2C_as_mni_average_305.4dfp.img
       256       256       256         1
  1.000000  1.000000  1.000000
orientation T byte_order littleendian
Reading image: /usr/local/freesurfer/dev/average/711-2C_as_mni_average_305.4dfp.img
dimensions:      256       256       256
mmppix:       1.0000   -1.0000   -1.0000
center:     128.0000 -129.0000 -129.0000
/usr/local/freesurfer/dev/average/711-2B_as_mni_average_305_mask.4dfp.img
       256       256       256         1
  1.000000  1.000000  1.000000
orientation T byte_order littleendian
Reading mask: /usr/local/freesurfer/dev/average/711-2B_as_mni_average_305_mask.4dfp.img (2306576 pixels)
talsrcimg_g11.4dfp.img
       256       256       256         1
  1.000000  1.000000  1.000000
orientation T byte_order littleendian
Reading image: talsrcimg_g11.4dfp.img
dimensions:      256       256       256
mmppix:       1.0000   -1.0000   -1.0000
center:     128.0000 -129.0000 -129.0000
fimgreg.f
image alignment mode   2311 decimal      907 hex
parameters
    0.2945    5.9978    4.5221  -11.8965  -12.5998   -2.2958
   -3.4063    0.6118    3.0497   13.9523   -2.6201  -13.5621
eta,q 0.97375  8.30955
niter,ni,del,rscale     5    3    5.0000    0.8000
parameters
    0.2897    6.0026    4.4965  -11.0473  -12.0406   -2.4935
   -3.4411    0.6521    2.9846   13.7131   -2.6937  -13.6288
eta,q 0.97385  8.35817
  0.0277  0.0273  0.0268  0.0276  0.0275  0.0270  0.0273  0.0279  0.0270  0.0272  0.0266  0.0267
  0.0269  0.0267  0.0265  0.0270  0.0269  0.0265  0.0267  0.0269  0.0265  0.0265  0.0264  0.0264
  0.0264  0.0264  0.0263  0.0265  0.0265  0.0262  0.0263  0.0263  0.0262  0.0262  0.0262  0.0262
  0.0263  0.0263  0.0263  0.0263  0.0262  0.0262  0.0262  0.0262  0.0262  0.0262  0.0262  0.0262
  0.0264  0.0264  0.0263  0.0262  0.0262  0.0264  0.0263  0.0264  0.0263  0.0263  0.0262  0.0262
  0.0269  0.0267  0.0265  0.0264  0.0265  0.0266  0.0267  0.0269  0.0265  0.0267  0.0264  0.0264
  0.0277  0.0273  0.0269  0.0270  0.0271  0.0270  0.0274  0.0278  0.0270  0.0273  0.0266  0.0267
niter,ni,del,rscale     4    3    5.0000    0.7000
parameters
    0.2627    5.9356    4.4991  -11.0508  -11.9471   -2.6702
   -3.4328    0.6115    2.9726   13.5947   -2.6678  -13.6428
eta,q 0.97387  8.35195
  0.0272  0.0269  0.0266  0.0270  0.0270  0.0268  0.0271  0.0274  0.0268  0.0269  0.0265  0.0266
  0.0266  0.0265  0.0264  0.0266  0.0266  0.0264  0.0266  0.0267  0.0264  0.0264  0.0263  0.0263
  0.0263  0.0262  0.0262  0.0263  0.0263  0.0262  0.0262  0.0262  0.0262  0.0262  0.0262  0.0262
  0.0262  0.0262  0.0262  0.0262  0.0262  0.0261  0.0261  0.0261  0.0261  0.0261  0.0261  0.0261
  0.0263  0.0263  0.0262  0.0262  0.0262  0.0263  0.0262  0.0263  0.0262  0.0263  0.0262  0.0262
  0.0267  0.0266  0.0264  0.0265  0.0265  0.0265  0.0265  0.0268  0.0264  0.0265  0.0263  0.0263
  0.0273  0.0270  0.0266  0.0271  0.0270  0.0268  0.0271  0.0274  0.0268  0.0270  0.0265  0.0265
niter,ni,del,rscale     3    3    5.0000    0.6000
parameters
    0.2613    5.9253    4.4829  -11.0238  -11.8499   -2.8323
   -3.4347    0.5868    2.9521   13.5084   -2.6799  -13.6796
eta,q 0.97387  8.34901
  0.0270  0.0267  0.0265  0.0268  0.0268  0.0266  0.0268  0.0271  0.0266  0.0267  0.0264  0.0264
  0.0265  0.0264  0.0263  0.0264  0.0265  0.0263  0.0264  0.0265  0.0263  0.0264  0.0263  0.0262
  0.0262  0.0262  0.0262  0.0262  0.0262  0.0262  0.0262  0.0262  0.0262  0.0262  0.0262  0.0262
  0.0261  0.0261  0.0261  0.0261  0.0261  0.0261  0.0261  0.0261  0.0261  0.0261  0.0261  0.0261
  0.0262  0.0262  0.0262  0.0262  0.0262  0.0262  0.0262  0.0263  0.0262  0.0262  0.0262  0.0262
  0.0265  0.0264  0.0263  0.0264  0.0264  0.0264  0.0264  0.0266  0.0263  0.0264  0.0263  0.0263
  0.0270  0.0267  0.0265  0.0268  0.0268  0.0267  0.0268  0.0271  0.0266  0.0268  0.0264  0.0264
niter,ni,del,rscale     2    3    5.0000    0.5000
parameters
    0.2586    5.9173    4.4652  -11.0070  -11.7525   -2.9867
   -3.4347    0.5608    2.9308   13.4640   -2.6411  -13.7680
eta,q 0.97388  8.34660
  0.0267  0.0265  0.0264  0.0266  0.0266  0.0265  0.0266  0.0268  0.0264  0.0265  0.0263  0.0263
  0.0264  0.0263  0.0262  0.0263  0.0264  0.0263  0.0263  0.0264  0.0263  0.0263  0.0262  0.0262
  0.0262  0.0262  0.0261  0.0262  0.0262  0.0261  0.0262  0.0262  0.0262  0.0261  0.0261  0.0261
  0.0261  0.0261  0.0261  0.0261  0.0261  0.0261  0.0261  0.0261  0.0261  0.0261  0.0261  0.0261
  0.0262  0.0262  0.0262  0.0262  0.0261  0.0262  0.0262  0.0262  0.0262  0.0262  0.0261  0.0261
  0.0264  0.0263  0.0262  0.0263  0.0263  0.0264  0.0263  0.0264  0.0263  0.0263  0.0262  0.0262
  0.0267  0.0265  0.0264  0.0266  0.0265  0.0265  0.0266  0.0268  0.0264  0.0265  0.0263  0.0263
niter,ni,del,rscale     1    3    5.0000    0.4000
parameters
    0.2592    5.9123    4.4477  -11.0173  -11.6637   -3.1212
   -3.4387    0.5285    2.9021   13.4298   -2.6420  -13.8265
eta,q 0.97389  8.34369
  0.0265  0.0264  0.0263  0.0264  0.0264  0.0264  0.0264  0.0265  0.0263  0.0264  0.0262  0.0262
  0.0263  0.0262  0.0262  0.0263  0.0263  0.0262  0.0262  0.0263  0.0262  0.0262  0.0262  0.0262
  0.0261  0.0261  0.0261  0.0261  0.0262  0.0261  0.0261  0.0262  0.0261  0.0261  0.0261  0.0261
  0.0261  0.0261  0.0261  0.0261  0.0261  0.0261  0.0261  0.0261  0.0261  0.0261  0.0261  0.0261
  0.0262  0.0261  0.0261  0.0262  0.0261  0.0262  0.0262  0.0262  0.0261  0.0261  0.0261  0.0261
  0.0263  0.0262  0.0262  0.0263  0.0262  0.0263  0.0262  0.0263  0.0262  0.0262  0.0262  0.0262
  0.0265  0.0264  0.0263  0.0264  0.0264  0.0264  0.0264  0.0266  0.0263  0.0264  0.0262  0.0262
registration optimization eta report
parameter search radius
    0.8000    0.8000    0.8000    2.4000    2.4000    2.4000
    2.4000    2.4000    2.4000    2.4000    2.4000    2.4000
100000*second partial in parameter space
       58.       41.       24.        5.        5.        5.
        5.        8.        4.        5.        2.        2.
  0.0265  0.0264  0.0263  0.0264  0.0264  0.0264  0.0264  0.0265  0.0263  0.0264  0.0262  0.0262
  0.0263  0.0262  0.0262  0.0263  0.0263  0.0262  0.0262  0.0263  0.0262  0.0262  0.0262  0.0262
  0.0261  0.0261  0.0261  0.0261  0.0262  0.0261  0.0261  0.0262  0.0261  0.0261  0.0261  0.0261
  0.0261  0.0261  0.0261  0.0261  0.0261  0.0261  0.0261  0.0261  0.0261  0.0261  0.0261  0.0261
  0.0262  0.0261  0.0261  0.0262  0.0261  0.0262  0.0262  0.0262  0.0261  0.0261  0.0261  0.0261
  0.0263  0.0262  0.0262  0.0263  0.0262  0.0263  0.0262  0.0263  0.0262  0.0262  0.0262  0.0262
  0.0265  0.0264  0.0263  0.0264  0.0264  0.0264  0.0264  0.0266  0.0263  0.0264  0.0262  0.0262
    0.2592    5.9123    4.4477  -11.0173  -11.6637   -3.1212
   -3.4387    0.5285    2.9021   13.4298   -2.6420  -13.8265
eta,q 0.97389  8.34369

---------------------------------------------------------------------
imgreg_4dfp /usr/local/freesurfer/dev/average/711-2C_as_mni_average_305 /usr/local/freesurfer/dev/average/711-2B_as_mni_average_305_mask talsrcimg_g11 none talsrcimg_to_711-2C_as_mni_average_305_t4 2311
---------------------------------------------------------------------

freesurfer imgreg_4dfp.c
/usr/local/freesurfer/dev/average/711-2C_as_mni_average_305.4dfp.img
       256       256       256         1
  1.000000  1.000000  1.000000
orientation T byte_order littleendian
Reading image: /usr/local/freesurfer/dev/average/711-2C_as_mni_average_305.4dfp.img
dimensions:      256       256       256
mmppix:       1.0000   -1.0000   -1.0000
center:     128.0000 -129.0000 -129.0000
/usr/local/freesurfer/dev/average/711-2B_as_mni_average_305_mask.4dfp.img
       256       256       256         1
  1.000000  1.000000  1.000000
orientation T byte_order littleendian
Reading mask: /usr/local/freesurfer/dev/average/711-2B_as_mni_average_305_mask.4dfp.img (2306576 pixels)
talsrcimg_g11.4dfp.img
       256       256       256         1
  1.000000  1.000000  1.000000
orientation T byte_order littleendian
Reading image: talsrcimg_g11.4dfp.img
dimensions:      256       256       256
mmppix:       1.0000   -1.0000   -1.0000
center:     128.0000 -129.0000 -129.0000
fimgreg.f
image alignment mode   2311 decimal      907 hex
parameters
    0.2592    5.9123    4.4477  -11.0173  -11.6637   -3.1212
   -3.4387    0.5285    2.9021   13.4298   -2.6420  -13.8265
eta,q 0.97389  8.34369
niter,ni,del,rscale     5    3    5.0000    0.8000
parameters
    0.2653    5.9080    4.4345  -11.2044  -11.9345   -2.8042
   -3.4309    0.5988    3.0022   13.6658   -2.6547  -13.7231
eta,q 0.97387  8.34094
  0.0276  0.0272  0.0267  0.0272  0.0271  0.0273  0.0273  0.0279  0.0270  0.0274  0.0266  0.0267
  0.0268  0.0266  0.0264  0.0266  0.0266  0.0266  0.0267  0.0269  0.0265  0.0267  0.0264  0.0264
  0.0263  0.0262  0.0262  0.0262  0.0262  0.0263  0.0263  0.0263  0.0262  0.0263  0.0262  0.0262
  0.0261  0.0261  0.0261  0.0261  0.0261  0.0261  0.0261  0.0261  0.0261  0.0261  0.0261  0.0261
  0.0263  0.0262  0.0262  0.0262  0.0262  0.0263  0.0263  0.0263  0.0262  0.0262  0.0262  0.0262
  0.0268  0.0266  0.0264  0.0267  0.0267  0.0266  0.0267  0.0269  0.0265  0.0266  0.0264  0.0264
  0.0276  0.0272  0.0267  0.0274  0.0275  0.0269  0.0273  0.0278  0.0269  0.0271  0.0266  0.0266
niter,ni,del,rscale     4    3    5.0000    0.7000
parameters
    0.2696    5.9391    4.4600  -11.0871  -11.9060   -2.7504
   -3.4468    0.6062    2.9739   13.6106   -2.6710  -13.6916
eta,q 0.97387  8.34903
  0.0273  0.0270  0.0266  0.0270  0.0270  0.0269  0.0271  0.0275  0.0268  0.0270  0.0265  0.0266
  0.0266  0.0265  0.0264  0.0266  0.0266  0.0264  0.0265  0.0267  0.0264  0.0265  0.0263  0.0263
  0.0263  0.0262  0.0262  0.0263  0.0263  0.0262  0.0262  0.0263  0.0262  0.0262  0.0262  0.0262
  0.0261  0.0261  0.0261  0.0261  0.0261  0.0261  0.0261  0.0261  0.0261  0.0261  0.0261  0.0261
  0.0263  0.0262  0.0262  0.0262  0.0262  0.0263  0.0262  0.0263  0.0262  0.0263  0.0262  0.0262
  0.0266  0.0265  0.0263  0.0265  0.0265  0.0265  0.0265  0.0267  0.0264  0.0265  0.0263  0.0263
  0.0272  0.0269  0.0266  0.0270  0.0270  0.0268  0.0271  0.0274  0.0268  0.0270  0.0265  0.0265
niter,ni,del,rscale     3    3    5.0000    0.6000
parameters
    0.2640    5.9281    4.4685  -11.0301  -11.8345   -2.8535
   -3.4425    0.5856    2.9554   13.5271   -2.6645  -13.7207
eta,q 0.97388  8.34881
  0.0269  0.0267  0.0265  0.0268  0.0268  0.0267  0.0268  0.0271  0.0266  0.0267  0.0264  0.0264
  0.0265  0.0264  0.0263  0.0264  0.0264  0.0263  0.0264  0.0265  0.0263  0.0264  0.0263  0.0262
  0.0262  0.0262  0.0262  0.0262  0.0262  0.0262  0.0262  0.0262  0.0262  0.0262  0.0262  0.0261
  0.0261  0.0261  0.0261  0.0261  0.0261  0.0261  0.0261  0.0261  0.0261  0.0261  0.0261  0.0261
  0.0262  0.0262  0.0262  0.0262  0.0262  0.0262  0.0262  0.0262  0.0262  0.0262  0.0262  0.0262
  0.0265  0.0264  0.0263  0.0264  0.0264  0.0264  0.0264  0.0266  0.0263  0.0264  0.0263  0.0263
  0.0270  0.0267  0.0265  0.0268  0.0268  0.0267  0.0268  0.0271  0.0266  0.0268  0.0264  0.0264
niter,ni,del,rscale     2    3    5.0000    0.5000
parameters
    0.2582    5.9188    4.4640  -11.0072  -11.7493   -2.9895
   -3.4404    0.5591    2.9269   13.4723   -2.6489  -13.7648
eta,q 0.97388  8.34672
  0.0267  0.0265  0.0264  0.0266  0.0266  0.0265  0.0266  0.0268  0.0264  0.0265  0.0263  0.0263
  0.0264  0.0263  0.0262  0.0263  0.0263  0.0263  0.0263  0.0264  0.0263  0.0263  0.0262  0.0262
  0.0262  0.0262  0.0261  0.0262  0.0262  0.0261  0.0262  0.0262  0.0261  0.0262  0.0261  0.0261
  0.0261  0.0261  0.0261  0.0261  0.0261  0.0261  0.0261  0.0261  0.0261  0.0261  0.0261  0.0261
  0.0262  0.0262  0.0262  0.0262  0.0261  0.0262  0.0262  0.0262  0.0262  0.0262  0.0261  0.0261
  0.0264  0.0263  0.0262  0.0263  0.0263  0.0264  0.0263  0.0264  0.0263  0.0263  0.0262  0.0262
  0.0267  0.0265  0.0264  0.0266  0.0266  0.0265  0.0266  0.0268  0.0264  0.0266  0.0263  0.0263
niter,ni,del,rscale     1    3    5.0000    0.4000
parameters
    0.2576    5.9175    4.4398  -11.0068  -11.6707   -3.1189
   -3.4422    0.5324    2.9019   13.4259   -2.6458  -13.8502
eta,q 0.97389  8.34408
  0.0265  0.0264  0.0263  0.0264  0.0264  0.0264  0.0264  0.0265  0.0263  0.0264  0.0262  0.0262
  0.0263  0.0262  0.0262  0.0263  0.0263  0.0262  0.0262  0.0263  0.0262  0.0262  0.0262  0.0262
  0.0261  0.0261  0.0261  0.0261  0.0262  0.0261  0.0261  0.0261  0.0261  0.0261  0.0261  0.0261
  0.0261  0.0261  0.0261  0.0261  0.0261  0.0261  0.0261  0.0261  0.0261  0.0261  0.0261  0.0261
  0.0262  0.0261  0.0261  0.0262  0.0261  0.0262  0.0262  0.0262  0.0261  0.0262  0.0261  0.0261
  0.0263  0.0262  0.0262  0.0263  0.0262  0.0263  0.0262  0.0263  0.0262  0.0262  0.0262  0.0262
  0.0265  0.0264  0.0263  0.0264  0.0264  0.0264  0.0264  0.0266  0.0263  0.0264  0.0262  0.0262
registration optimization eta report
parameter search radius
    0.8000    0.8000    0.8000    2.4000    2.4000    2.4000
    2.4000    2.4000    2.4000    2.4000    2.4000    2.4000
100000*second partial in parameter space
       57.       42.       25.        5.        5.        5.
        5.        8.        4.        5.        2.        2.
  0.0265  0.0264  0.0263  0.0264  0.0264  0.0264  0.0264  0.0265  0.0263  0.0264  0.0262  0.0262
  0.0263  0.0262  0.0262  0.0263  0.0263  0.0262  0.0262  0.0263  0.0262  0.0262  0.0262  0.0262
  0.0261  0.0261  0.0261  0.0261  0.0262  0.0261  0.0261  0.0261  0.0261  0.0261  0.0261  0.0261
  0.0261  0.0261  0.0261  0.0261  0.0261  0.0261  0.0261  0.0261  0.0261  0.0261  0.0261  0.0261
  0.0262  0.0261  0.0261  0.0262  0.0261  0.0262  0.0262  0.0262  0.0261  0.0262  0.0261  0.0261
  0.0263  0.0262  0.0262  0.0263  0.0262  0.0263  0.0262  0.0263  0.0262  0.0262  0.0262  0.0262
  0.0265  0.0264  0.0263  0.0264  0.0264  0.0264  0.0264  0.0266  0.0263  0.0264  0.0262  0.0262
    0.2576    5.9175    4.4398  -11.0068  -11.6707   -3.1189
   -3.4422    0.5324    2.9019   13.4259   -2.6458  -13.8502
eta,q 0.97389  8.34408

---------------------------------------------------------------------
compute_vox2vox talsrcimg talsrcimg_to_711-2C_as_mni_average_305_t4 /usr/local/freesurfer/dev/average/711-2C_as_mni_average_305
---------------------------------------------------------------------

freesurfer compute_vox2vox.c
Reading: talsrcimg.4dfp.ifh
Reading: talsrcimg_to_711-2C_as_mni_average_305_t4
Reading: /usr/local/freesurfer/dev/average/711-2C_as_mni_average_305.4dfp.ifh
Writing: talsrcimg_to_711-2C_as_mni_average_305_t4_vox2vox.txt

start time Mon Jul 19 06:05:20 EDT 2021
end		time Mon Jul 19 06:05:43 EDT 2021

mpr2mni305 success

avi2talxfm orig_nu.mgz /usr/local/freesurfer/dev/average/mni305.cor.mgz talsrcimg_to_711-2C_as_mni_average_305_t4_vox2vox.txt transforms/talairach.auto.xfm
avi2talxfm done
mv -f /autofs/vast/freesurfer/test/recons/bert/dev/running/bert/mri/talsrcimg_to_711-2C_as_mni_average_305_t4_vox2vox.txt /autofs/vast/freesurfer/test/recons/bert/dev/running/bert/mri/transforms/talsrcimg_to_711-2C_as_mni_average_305_t4_vox2vox.txt
lta_convert --src orig_nu.mgz --trg /usr/local/freesurfer/dev/average/mni305.cor.mgz --inxfm transforms/talairach.auto.xfm --outlta transforms/talairach.auto.xfm.lta --subject fsaverage
dev

--src: orig_nu.mgz src image (geometry).
--trg: /usr/local/freesurfer/dev/average/mni305.cor.mgz trg image (geometry).
--inmni: transforms/talairach.auto.xfm input MNI/XFM transform.
--outlta: transforms/talairach.auto.xfm.lta output LTA.
--s: fsaverage subject name
 LTA read, type : 1
 1.12196  -0.01197   0.04185  -6.33839;
 0.02483   1.00998   0.15933  -23.73698;
-0.04063  -0.15312   1.10653  -3.03511;
 0.00000   0.00000   0.00000   1.00000;
setting subject to fsaverage
Writing  LTA to file transforms/talairach.auto.xfm.lta...
lta_convert successful.
 
 
Started at Mon Jul 19 06:05:19 EDT 2021
Ended   at Mon Jul 19 06:05:44 EDT 2021
talairach_avi done
